#! /usr/local/iverilog/bin/vvp
:ivl_version "11.0 (devel)" "(s20150603-642-g3bdb50da)";
:ivl_delay_selection "TYPICAL";
:vpi_time_precision - 12;
:vpi_module "system";
:vpi_module "vhdl_sys";
:vpi_module "vhdl_textio";
:vpi_module "v2005_math";
:vpi_module "va_math";
S_000000000086d9e0 .scope module, "counter" "counter" 2 1;
 .timescale -9 -12;
    .port_info 0 /INPUT 1 "clk";
    .port_info 1 /INPUT 1 "rst";
    .port_info 2 /OUTPUT 4 "counter_output";
o00000000008bc1c8 .functor BUFZ 1, C4<z>; HiZ drive
v0000000000873b10_0 .net "clk", 0 0, o00000000008bc1c8;  0 drivers
v0000000000872fd0_0 .var "counter_output", 3 0;
o00000000008bc228 .functor BUFZ 1, C4<z>; HiZ drive
v0000000000873070_0 .net "rst", 0 0, o00000000008bc228;  0 drivers
E_00000000008b4e30 .event posedge, v0000000000873b10_0;
S_00000000008838a0 .scope module, "stopwatch_tb" "stopwatch_tb" 3 3;
 .timescale -9 -12;
v0000000000915700_0 .var "adj", 0 0;
v00000000009157a0_0 .var "clk", 0 0;
o00000000008bd338 .functor BUFZ 4, C4<zzzz>; HiZ drive
v0000000000914120_0 .net "counter", 3 0, o00000000008bd338;  0 drivers
v00000000009149e0_0 .var "pause", 0 0;
v0000000000915340_0 .var "rst", 0 0;
v0000000000914ee0_0 .net "seg", 7 0, v00000000009152a0_0;  1 drivers
v00000000009148a0_0 .var "sel", 0 0;
S_0000000000883a30 .scope module, "uut_" "stopwatch" 3 15, 4 1 0, S_00000000008838a0;
 .timescale 0 0;
    .port_info 0 /INPUT 1 "clk";
    .port_info 1 /INPUT 1 "rst";
    .port_info 2 /INPUT 1 "pause";
    .port_info 3 /INPUT 1 "adj";
    .port_info 4 /INPUT 1 "sel";
    .port_info 5 /OUTPUT 8 "seg";
v00000000009121b0_0 .net "adj", 0 0, v0000000000915700_0;  1 drivers
v0000000000912430_0 .net "blank_segment", 7 0, L_00000000008b7950;  1 drivers
v0000000000912570_0 .net "blink_clk", 0 0, v00000000008731b0_0;  1 drivers
v0000000000912750_0 .net "clk", 0 0, v00000000009157a0_0;  1 drivers
v0000000000915a20_0 .var "cnt", 1 0;
v0000000000915020_0 .net "fast_clk", 0 0, v00000000008734d0_0;  1 drivers
v0000000000914080_0 .var "is_paused", 0 0;
v00000000009158e0_0 .net "min_ones", 3 0, L_00000000008b7d40;  1 drivers
v0000000000914f80_0 .net "min_ones_segment", 7 0, L_00000000008b7560;  1 drivers
v0000000000914bc0_0 .net "min_tens", 3 0, L_00000000008b74f0;  1 drivers
v0000000000914e40_0 .net "min_tens_segment", 7 0, L_00000000008b75d0;  1 drivers
v00000000009153e0_0 .net "onehz_clk", 0 0, v0000000000873e30_0;  1 drivers
v0000000000915980_0 .net "pause", 0 0, v00000000009149e0_0;  1 drivers
v00000000009141c0_0 .net "pause_st", 0 0, v0000000000912e30_0;  1 drivers
v0000000000914800_0 .net "rst", 0 0, v0000000000915340_0;  1 drivers
v0000000000915ca0_0 .net "rst_st", 0 0, v0000000000912f70_0;  1 drivers
v0000000000915de0_0 .net "sec_ones", 3 0, L_00000000008b78e0;  1 drivers
v0000000000914d00_0 .net "sec_ones_segment", 7 0, L_00000000008b7410;  1 drivers
v0000000000914da0_0 .net "sec_tens", 3 0, L_00000000008b7aa0;  1 drivers
v00000000009143a0_0 .net "sec_tens_segment", 7 0, L_00000000008b7330;  1 drivers
v00000000009152a0_0 .var "seg", 7 0;
v0000000000915e80_0 .net "sel", 0 0, v00000000009148a0_0;  1 drivers
v0000000000915b60_0 .net "twohz_clk", 0 0, v00000000009124d0_0;  1 drivers
E_00000000008b47f0 .event posedge, v00000000008734d0_0;
E_00000000008b4530 .event posedge, v0000000000912e30_0;
S_0000000000886ab0 .scope module, "blank" "segment_display" 4 86, 5 1 0, S_0000000000883a30;
 .timescale -9 -12;
    .port_info 0 /INPUT 4 "digit";
    .port_info 1 /OUTPUT 8 "seg";
L_00000000008b7950 .functor BUFZ 8, v0000000000873430_0, C4<00000000>, C4<00000000>, C4<00000000>;
L_00000000010a0118 .functor BUFT 1, C4<1111>, C4<0>, C4<0>, C4<0>;
v0000000000873bb0_0 .net "digit", 3 0, L_00000000010a0118;  1 drivers
v0000000000873110_0 .net "seg", 7 0, L_00000000008b7950;  alias, 1 drivers
v0000000000873430_0 .var "segment_reg", 7 0;
E_00000000008b3f30 .event edge, v0000000000873bb0_0;
S_0000000000886c40 .scope module, "clock_divider" "clock" 4 38, 6 1 0, S_0000000000883a30;
 .timescale -9 -12;
    .port_info 0 /INPUT 1 "clk";
    .port_info 1 /INPUT 1 "rst";
    .port_info 2 /OUTPUT 1 "twohz_clk";
    .port_info 3 /OUTPUT 1 "onehz_clk";
    .port_info 4 /OUTPUT 1 "fast_clk";
    .port_info 5 /OUTPUT 1 "blink_clk";
v00000000008731b0_0 .var "blink_clk", 0 0;
v0000000000873250_0 .var/i "blink_idx", 31 0;
v0000000000873c50_0 .net "clk", 0 0, v00000000009157a0_0;  alias, 1 drivers
v00000000008734d0_0 .var "fast_clk", 0 0;
v00000000008732f0_0 .var/i "fast_idx", 31 0;
v0000000000873e30_0 .var "onehz_clk", 0 0;
v0000000000873390_0 .var/i "onehz_idx", 31 0;
v0000000000873570_0 .net "rst", 0 0, v0000000000915340_0;  alias, 1 drivers
v00000000009124d0_0 .var "twohz_clk", 0 0;
v00000000009127f0_0 .var/i "twohz_idx", 31 0;
E_00000000008b43f0 .event posedge, v0000000000873c50_0;
S_0000000000888fa0 .scope module, "counter" "stopwatch_counter" 4 52, 7 1 0, S_0000000000883a30;
 .timescale -9 -12;
    .port_info 0 /INPUT 1 "rst";
    .port_info 1 /INPUT 1 "adj";
    .port_info 2 /INPUT 1 "sel";
    .port_info 3 /INPUT 1 "norm_clk";
    .port_info 4 /INPUT 1 "adj_clk";
    .port_info 5 /INPUT 1 "pause_in";
    .port_info 6 /OUTPUT 4 "sec_ones_out";
    .port_info 7 /OUTPUT 4 "sec_tens_out";
    .port_info 8 /OUTPUT 4 "min_ones_out";
    .port_info 9 /OUTPUT 4 "min_tens_out";
L_00000000008b78e0 .functor BUFZ 4, v0000000000913470_0, C4<0000>, C4<0000>, C4<0000>;
L_00000000008b7aa0 .functor BUFZ 4, v00000000009130b0_0, C4<0000>, C4<0000>, C4<0000>;
L_00000000008b7d40 .functor BUFZ 4, v0000000000913650_0, C4<0000>, C4<0000>, C4<0000>;
L_00000000008b74f0 .functor BUFZ 4, v0000000000912cf0_0, C4<0000>, C4<0000>, C4<0000>;
L_00000000010a0088 .functor BUFT 1, C4<0000000000000000000000000000000>, C4<0>, C4<0>, C4<0>;
v0000000000913e70_0 .net *"_s11", 30 0, L_00000000010a0088;  1 drivers
L_00000000010a00d0 .functor BUFT 1, C4<00000000000000000000000000000000>, C4<0>, C4<0>, C4<0>;
v0000000000912a70_0 .net/2u *"_s12", 31 0, L_00000000010a00d0;  1 drivers
v0000000000913f10_0 .net *"_s14", 0 0, L_0000000000914c60;  1 drivers
v0000000000913790_0 .net *"_s8", 31 0, L_0000000000914260;  1 drivers
v0000000000912250_0 .net "adj", 0 0, v0000000000915700_0;  alias, 1 drivers
v00000000009136f0_0 .net "adj_clk", 0 0, v00000000009124d0_0;  alias, 1 drivers
v0000000000913010_0 .net "chosen_clock", 0 0, L_0000000000915f20;  1 drivers
v0000000000913650_0 .var "min_ones", 3 0;
v0000000000913bf0_0 .net "min_ones_out", 3 0, L_00000000008b7d40;  alias, 1 drivers
v0000000000912cf0_0 .var "min_tens", 3 0;
v00000000009135b0_0 .net "min_tens_out", 3 0, L_00000000008b74f0;  alias, 1 drivers
v0000000000913970_0 .net "norm_clk", 0 0, v0000000000873e30_0;  alias, 1 drivers
v0000000000912890_0 .var "pause", 0 0;
v0000000000913a10_0 .net "pause_in", 0 0, v0000000000914080_0;  1 drivers
v0000000000912d90_0 .net "rst", 0 0, v0000000000912f70_0;  alias, 1 drivers
v0000000000913470_0 .var "sec_ones", 3 0;
v00000000009122f0_0 .net "sec_ones_out", 3 0, L_00000000008b78e0;  alias, 1 drivers
v00000000009130b0_0 .var "sec_tens", 3 0;
v0000000000912b10_0 .net "sec_tens_out", 3 0, L_00000000008b7aa0;  alias, 1 drivers
v0000000000912bb0_0 .net "sel", 0 0, v00000000009148a0_0;  alias, 1 drivers
E_00000000008b45b0 .event posedge, v0000000000912d90_0, v0000000000913010_0;
E_00000000008b4bb0 .event edge, v0000000000913a10_0, v0000000000912890_0;
L_0000000000914260 .concat [ 1 31 0 0], v0000000000915700_0, L_00000000010a0088;
L_0000000000914c60 .cmp/eq 32, L_0000000000914260, L_00000000010a00d0;
L_0000000000915f20 .functor MUXZ 1, v00000000009124d0_0, v0000000000873e30_0, L_0000000000914c60, C4<>;
S_0000000000889130 .scope module, "min_ones_display" "segment_display" 4 76, 5 1 0, S_0000000000883a30;
 .timescale -9 -12;
    .port_info 0 /INPUT 4 "digit";
    .port_info 1 /OUTPUT 8 "seg";
L_00000000008b7560 .functor BUFZ 8, v0000000000913510_0, C4<00000000>, C4<00000000>, C4<00000000>;
v0000000000912c50_0 .net "digit", 3 0, L_00000000008b7d40;  alias, 1 drivers
v00000000009131f0_0 .net "seg", 7 0, L_00000000008b7560;  alias, 1 drivers
v0000000000913510_0 .var "segment_reg", 7 0;
E_00000000008b3fb0 .event edge, v0000000000913bf0_0;
S_0000000000885680 .scope module, "min_tens_display" "segment_display" 4 81, 5 1 0, S_0000000000883a30;
 .timescale -9 -12;
    .port_info 0 /INPUT 4 "digit";
    .port_info 1 /OUTPUT 8 "seg";
L_00000000008b75d0 .functor BUFZ 8, v0000000000913290_0, C4<00000000>, C4<00000000>, C4<00000000>;
v0000000000913830_0 .net "digit", 3 0, L_00000000008b74f0;  alias, 1 drivers
v00000000009126b0_0 .net "seg", 7 0, L_00000000008b75d0;  alias, 1 drivers
v0000000000913290_0 .var "segment_reg", 7 0;
E_00000000008b49b0 .event edge, v00000000009135b0_0;
S_0000000000885810 .scope module, "pause_debouncer" "debouncer" 4 24, 8 1 0, S_0000000000883a30;
 .timescale -9 -12;
    .port_info 0 /INPUT 1 "clk";
    .port_info 1 /INPUT 1 "btn";
    .port_info 2 /OUTPUT 1 "state";
v0000000000912610_0 .net "btn", 0 0, v00000000009149e0_0;  alias, 1 drivers
v0000000000912390_0 .net "clk", 0 0, v00000000009157a0_0;  alias, 1 drivers
v0000000000913150_0 .var "counter", 15 0;
v0000000000912e30_0 .var "state", 0 0;
v0000000000913330_0 .var "sync0", 0 0;
v0000000000913d30_0 .var "sync1", 0 0;
S_000000000088c3e0 .scope module, "reset_debouncer" "debouncer" 4 30, 8 1 0, S_0000000000883a30;
 .timescale -9 -12;
    .port_info 0 /INPUT 1 "clk";
    .port_info 1 /INPUT 1 "btn";
    .port_info 2 /OUTPUT 1 "state";
v0000000000912930_0 .net "btn", 0 0, v0000000000915340_0;  alias, 1 drivers
v0000000000913ab0_0 .net "clk", 0 0, v00000000009157a0_0;  alias, 1 drivers
v0000000000913dd0_0 .var "counter", 15 0;
v0000000000912f70_0 .var "state", 0 0;
v00000000009129d0_0 .var "sync0", 0 0;
v00000000009133d0_0 .var "sync1", 0 0;
S_000000000088c570 .scope module, "sec_ones_display" "segment_display" 4 66, 5 1 0, S_0000000000883a30;
 .timescale -9 -12;
    .port_info 0 /INPUT 4 "digit";
    .port_info 1 /OUTPUT 8 "seg";
L_00000000008b7410 .functor BUFZ 8, v0000000000913b50_0, C4<00000000>, C4<00000000>, C4<00000000>;
v00000000009138d0_0 .net "digit", 3 0, L_00000000008b78e0;  alias, 1 drivers
v0000000000912ed0_0 .net "seg", 7 0, L_00000000008b7410;  alias, 1 drivers
v0000000000913b50_0 .var "segment_reg", 7 0;
E_00000000008b49f0 .event edge, v00000000009122f0_0;
S_0000000000842bc0 .scope module, "sec_tens_display" "segment_display" 4 71, 5 1 0, S_0000000000883a30;
 .timescale -9 -12;
    .port_info 0 /INPUT 4 "digit";
    .port_info 1 /OUTPUT 8 "seg";
L_00000000008b7330 .functor BUFZ 8, v0000000000912110_0, C4<00000000>, C4<00000000>, C4<00000000>;
v0000000000913c90_0 .net "digit", 3 0, L_00000000008b7aa0;  alias, 1 drivers
v0000000000912070_0 .net "seg", 7 0, L_00000000008b7330;  alias, 1 drivers
v0000000000912110_0 .var "segment_reg", 7 0;
E_00000000008b4cb0 .event edge, v0000000000912b10_0;
    .scope S_000000000086d9e0;
T_0 ;
    %wait E_00000000008b4e30;
    %load/vec4 v0000000000873070_0;
    %load/vec4 v0000000000872fd0_0;
    %pushi/vec4 9, 0, 4;
    %cmp/e;
    %flag_get/vec4 4;
    %or;
    %flag_set/vec4 8;
    %jmp/0xz  T_0.0, 8;
    %pushi/vec4 0, 0, 4;
    %assign/vec4 v0000000000872fd0_0, 0;
    %jmp T_0.1;
T_0.0 ;
    %load/vec4 v0000000000872fd0_0;
    %addi 1, 0, 4;
    %assign/vec4 v0000000000872fd0_0, 0;
T_0.1 ;
    %jmp T_0;
    .thread T_0;
    .scope S_0000000000885810;
T_1 ;
    %wait E_00000000008b43f0;
    %load/vec4 v0000000000912610_0;
    %assign/vec4 v0000000000913330_0, 0;
    %jmp T_1;
    .thread T_1;
    .scope S_0000000000885810;
T_2 ;
    %wait E_00000000008b43f0;
    %load/vec4 v0000000000913330_0;
    %assign/vec4 v0000000000913d30_0, 0;
    %jmp T_2;
    .thread T_2;
    .scope S_0000000000885810;
T_3 ;
    %wait E_00000000008b43f0;
    %load/vec4 v0000000000912e30_0;
    %load/vec4 v0000000000913d30_0;
    %cmp/e;
    %jmp/0xz  T_3.0, 4;
    %pushi/vec4 0, 0, 16;
    %assign/vec4 v0000000000913150_0, 0;
    %jmp T_3.1;
T_3.0 ;
    %load/vec4 v0000000000913150_0;
    %addi 1, 0, 16;
    %assign/vec4 v0000000000913150_0, 0;
    %load/vec4 v0000000000913150_0;
    %cmpi/e 65535, 0, 16;
    %jmp/0xz  T_3.2, 4;
    %load/vec4 v0000000000912e30_0;
    %inv;
    %assign/vec4 v0000000000912e30_0, 0;
T_3.2 ;
T_3.1 ;
    %jmp T_3;
    .thread T_3;
    .scope S_000000000088c3e0;
T_4 ;
    %wait E_00000000008b43f0;
    %load/vec4 v0000000000912930_0;
    %assign/vec4 v00000000009129d0_0, 0;
    %jmp T_4;
    .thread T_4;
    .scope S_000000000088c3e0;
T_5 ;
    %wait E_00000000008b43f0;
    %load/vec4 v00000000009129d0_0;
    %assign/vec4 v00000000009133d0_0, 0;
    %jmp T_5;
    .thread T_5;
    .scope S_000000000088c3e0;
T_6 ;
    %wait E_00000000008b43f0;
    %load/vec4 v0000000000912f70_0;
    %load/vec4 v00000000009133d0_0;
    %cmp/e;
    %jmp/0xz  T_6.0, 4;
    %pushi/vec4 0, 0, 16;
    %assign/vec4 v0000000000913dd0_0, 0;
    %jmp T_6.1;
T_6.0 ;
    %load/vec4 v0000000000913dd0_0;
    %addi 1, 0, 16;
    %assign/vec4 v0000000000913dd0_0, 0;
    %load/vec4 v0000000000913dd0_0;
    %cmpi/e 65535, 0, 16;
    %jmp/0xz  T_6.2, 4;
    %load/vec4 v0000000000912f70_0;
    %inv;
    %assign/vec4 v0000000000912f70_0, 0;
T_6.2 ;
T_6.1 ;
    %jmp T_6;
    .thread T_6;
    .scope S_0000000000886c40;
T_7 ;
    %pushi/vec4 0, 0, 1;
    %store/vec4 v0000000000873e30_0, 0, 1;
    %pushi/vec4 0, 0, 1;
    %store/vec4 v00000000009124d0_0, 0, 1;
    %pushi/vec4 0, 0, 1;
    %store/vec4 v00000000008734d0_0, 0, 1;
    %pushi/vec4 0, 0, 1;
    %store/vec4 v00000000008731b0_0, 0, 1;
    %end;
    .thread T_7;
    .scope S_0000000000886c40;
T_8 ;
    %wait E_00000000008b43f0;
    %load/vec4 v0000000000873570_0;
    %flag_set/vec4 8;
    %jmp/0xz  T_8.0, 8;
    %pushi/vec4 0, 0, 32;
    %store/vec4 v0000000000873390_0, 0, 32;
    %pushi/vec4 0, 0, 32;
    %store/vec4 v00000000009127f0_0, 0, 32;
    %pushi/vec4 0, 0, 32;
    %store/vec4 v00000000008732f0_0, 0, 32;
    %pushi/vec4 0, 0, 32;
    %store/vec4 v0000000000873250_0, 0, 32;
    %jmp T_8.1;
T_8.0 ;
    %load/vec4 v0000000000873390_0;
    %addi 1, 0, 32;
    %store/vec4 v0000000000873390_0, 0, 32;
    %load/vec4 v00000000009127f0_0;
    %addi 1, 0, 32;
    %store/vec4 v00000000009127f0_0, 0, 32;
    %load/vec4 v00000000008732f0_0;
    %addi 1, 0, 32;
    %store/vec4 v00000000008732f0_0, 0, 32;
    %load/vec4 v0000000000873250_0;
    %addi 1, 0, 32;
    %store/vec4 v0000000000873250_0, 0, 32;
    %load/vec4 v0000000000873390_0;
    %cmpi/e 600000, 0, 32;
    %jmp/0xz  T_8.2, 4;
    %vpi_call 6 36 "$display", "IDX: %d, OneCLK: %d", v0000000000873390_0, v0000000000873e30_0 {0 0 0};
    %pushi/vec4 0, 0, 32;
    %store/vec4 v0000000000873390_0, 0, 32;
    %load/vec4 v0000000000873e30_0;
    %inv;
    %store/vec4 v0000000000873e30_0, 0, 1;
T_8.2 ;
    %load/vec4 v00000000009127f0_0;
    %cmpi/e 1200000, 0, 32;
    %jmp/0xz  T_8.4, 4;
    %vpi_call 6 43 "$display", "IDX: %d, TwoCLK: %d", v00000000009127f0_0, v00000000009124d0_0 {0 0 0};
    %pushi/vec4 0, 0, 32;
    %store/vec4 v00000000009127f0_0, 0, 32;
    %load/vec4 v00000000009124d0_0;
    %inv;
    %store/vec4 v00000000009124d0_0, 0, 1;
T_8.4 ;
    %load/vec4 v00000000008732f0_0;
    %cmpi/e 600000, 0, 32;
    %jmp/0xz  T_8.6, 4;
    %pushi/vec4 0, 0, 32;
    %store/vec4 v00000000008732f0_0, 0, 32;
    %load/vec4 v00000000008734d0_0;
    %inv;
    %store/vec4 v00000000008734d0_0, 0, 1;
T_8.6 ;
    %load/vec4 v0000000000873250_0;
    %cmpi/e 600000, 0, 32;
    %jmp/0xz  T_8.8, 4;
    %pushi/vec4 0, 0, 32;
    %store/vec4 v0000000000873250_0, 0, 32;
    %load/vec4 v00000000008731b0_0;
    %inv;
    %store/vec4 v00000000008731b0_0, 0, 1;
T_8.8 ;
T_8.1 ;
    %jmp T_8;
    .thread T_8;
    .scope S_0000000000888fa0;
T_9 ;
    %pushi/vec4 0, 0, 4;
    %store/vec4 v0000000000913470_0, 0, 4;
    %pushi/vec4 0, 0, 4;
    %store/vec4 v00000000009130b0_0, 0, 4;
    %pushi/vec4 0, 0, 4;
    %store/vec4 v0000000000913650_0, 0, 4;
    %pushi/vec4 0, 0, 4;
    %store/vec4 v0000000000912cf0_0, 0, 4;
    %pushi/vec4 0, 0, 1;
    %store/vec4 v0000000000912890_0, 0, 1;
    %end;
    .thread T_9;
    .scope S_0000000000888fa0;
T_10 ;
    %wait E_00000000008b4bb0;
    %load/vec4 v0000000000913a10_0;
    %flag_set/vec4 8;
    %jmp/0xz  T_10.0, 8;
    %load/vec4 v0000000000912890_0;
    %nor/r;
    %assign/vec4 v0000000000912890_0, 0;
    %jmp T_10.1;
T_10.0 ;
    %load/vec4 v0000000000912890_0;
    %assign/vec4 v0000000000912890_0, 0;
T_10.1 ;
    %jmp T_10;
    .thread T_10, $push;
    .scope S_0000000000888fa0;
T_11 ;
    %wait E_00000000008b45b0;
    %load/vec4 v0000000000912d90_0;
    %flag_set/vec4 8;
    %jmp/0xz  T_11.0, 8;
    %pushi/vec4 0, 0, 4;
    %assign/vec4 v0000000000913470_0, 0;
    %pushi/vec4 0, 0, 4;
    %assign/vec4 v00000000009130b0_0, 0;
    %pushi/vec4 0, 0, 4;
    %assign/vec4 v0000000000913650_0, 0;
    %pushi/vec4 0, 0, 4;
    %assign/vec4 v0000000000912cf0_0, 0;
    %jmp T_11.1;
T_11.0 ;
    %load/vec4 v0000000000912250_0;
    %nor/r;
    %load/vec4 v0000000000912890_0;
    %nor/r;
    %and;
    %flag_set/vec4 8;
    %jmp/0xz  T_11.2, 8;
    %load/vec4 v0000000000913470_0;
    %cmpi/e 9, 0, 4;
    %jmp/0xz  T_11.4, 4;
    %pushi/vec4 0, 0, 4;
    %assign/vec4 v0000000000913470_0, 0;
    %load/vec4 v00000000009130b0_0;
    %cmpi/e 5, 0, 4;
    %jmp/0xz  T_11.6, 4;
    %pushi/vec4 0, 0, 4;
    %assign/vec4 v00000000009130b0_0, 0;
    %load/vec4 v0000000000913650_0;
    %cmpi/e 9, 0, 4;
    %jmp/0xz  T_11.8, 4;
    %pushi/vec4 0, 0, 4;
    %assign/vec4 v0000000000913650_0, 0;
    %load/vec4 v0000000000912cf0_0;
    %cmpi/e 5, 0, 4;
    %jmp/0xz  T_11.10, 4;
    %pushi/vec4 0, 0, 4;
    %assign/vec4 v0000000000912cf0_0, 0;
    %pushi/vec4 1, 0, 1;
    %assign/vec4 v0000000000912890_0, 0;
    %jmp T_11.11;
T_11.10 ;
    %load/vec4 v0000000000912cf0_0;
    %addi 1, 0, 4;
    %assign/vec4 v0000000000912cf0_0, 0;
T_11.11 ;
    %jmp T_11.9;
T_11.8 ;
    %load/vec4 v0000000000913650_0;
    %addi 1, 0, 4;
    %assign/vec4 v0000000000913650_0, 0;
T_11.9 ;
    %jmp T_11.7;
T_11.6 ;
    %load/vec4 v00000000009130b0_0;
    %addi 1, 0, 4;
    %assign/vec4 v00000000009130b0_0, 0;
T_11.7 ;
    %jmp T_11.5;
T_11.4 ;
    %load/vec4 v0000000000913470_0;
    %addi 1, 0, 4;
    %assign/vec4 v0000000000913470_0, 0;
T_11.5 ;
    %jmp T_11.3;
T_11.2 ;
    %load/vec4 v0000000000912250_0;
    %load/vec4 v0000000000912bb0_0;
    %pad/u 32;
    %pushi/vec4 1, 0, 32;
    %cmp/e;
    %flag_get/vec4 4;
    %and;
    %load/vec4 v0000000000912890_0;
    %nor/r;
    %and;
    %flag_set/vec4 8;
    %jmp/0xz  T_11.12, 8;
    %load/vec4 v0000000000913470_0;
    %cmpi/e 9, 0, 4;
    %jmp/0xz  T_11.14, 4;
    %pushi/vec4 0, 0, 4;
    %assign/vec4 v0000000000913470_0, 0;
    %load/vec4 v00000000009130b0_0;
    %cmpi/e 5, 0, 4;
    %jmp/0xz  T_11.16, 4;
    %pushi/vec4 0, 0, 4;
    %assign/vec4 v00000000009130b0_0, 0;
    %jmp T_11.17;
T_11.16 ;
    %load/vec4 v00000000009130b0_0;
    %addi 1, 0, 4;
    %assign/vec4 v00000000009130b0_0, 0;
T_11.17 ;
    %jmp T_11.15;
T_11.14 ;
    %load/vec4 v0000000000913470_0;
    %addi 1, 0, 4;
    %assign/vec4 v0000000000913470_0, 0;
T_11.15 ;
    %jmp T_11.13;
T_11.12 ;
    %load/vec4 v0000000000912250_0;
    %load/vec4 v0000000000912bb0_0;
    %pad/u 32;
    %pushi/vec4 0, 0, 32;
    %cmp/e;
    %flag_get/vec4 4;
    %and;
    %load/vec4 v0000000000912890_0;
    %nor/r;
    %and;
    %flag_set/vec4 8;
    %jmp/0xz  T_11.18, 8;
    %load/vec4 v0000000000913650_0;
    %cmpi/e 9, 0, 4;
    %jmp/0xz  T_11.20, 4;
    %pushi/vec4 0, 0, 4;
    %assign/vec4 v0000000000913650_0, 0;
    %load/vec4 v0000000000912cf0_0;
    %cmpi/e 5, 0, 4;
    %jmp/0xz  T_11.22, 4;
    %pushi/vec4 0, 0, 4;
    %assign/vec4 v0000000000912cf0_0, 0;
    %jmp T_11.23;
T_11.22 ;
    %load/vec4 v0000000000912cf0_0;
    %addi 1, 0, 4;
    %assign/vec4 v0000000000912cf0_0, 0;
T_11.23 ;
    %jmp T_11.21;
T_11.20 ;
    %load/vec4 v0000000000913650_0;
    %addi 1, 0, 4;
    %assign/vec4 v0000000000913650_0, 0;
T_11.21 ;
T_11.18 ;
T_11.13 ;
T_11.3 ;
T_11.1 ;
    %jmp T_11;
    .thread T_11;
    .scope S_000000000088c570;
T_12 ;
    %wait E_00000000008b49f0;
    %load/vec4 v00000000009138d0_0;
    %dup/vec4;
    %pushi/vec4 0, 0, 4;
    %cmp/u;
    %jmp/1 T_12.0, 6;
    %dup/vec4;
    %pushi/vec4 1, 0, 4;
    %cmp/u;
    %jmp/1 T_12.1, 6;
    %dup/vec4;
    %pushi/vec4 2, 0, 4;
    %cmp/u;
    %jmp/1 T_12.2, 6;
    %dup/vec4;
    %pushi/vec4 3, 0, 4;
    %cmp/u;
    %jmp/1 T_12.3, 6;
    %dup/vec4;
    %pushi/vec4 4, 0, 4;
    %cmp/u;
    %jmp/1 T_12.4, 6;
    %dup/vec4;
    %pushi/vec4 5, 0, 4;
    %cmp/u;
    %jmp/1 T_12.5, 6;
    %dup/vec4;
    %pushi/vec4 6, 0, 4;
    %cmp/u;
    %jmp/1 T_12.6, 6;
    %dup/vec4;
    %pushi/vec4 7, 0, 4;
    %cmp/u;
    %jmp/1 T_12.7, 6;
    %dup/vec4;
    %pushi/vec4 8, 0, 4;
    %cmp/u;
    %jmp/1 T_12.8, 6;
    %dup/vec4;
    %pushi/vec4 9, 0, 4;
    %cmp/u;
    %jmp/1 T_12.9, 6;
    %pushi/vec4 255, 0, 8;
    %store/vec4 v0000000000913b50_0, 0, 8;
    %jmp T_12.11;
T_12.0 ;
    %pushi/vec4 192, 0, 8;
    %store/vec4 v0000000000913b50_0, 0, 8;
    %jmp T_12.11;
T_12.1 ;
    %pushi/vec4 249, 0, 8;
    %store/vec4 v0000000000913b50_0, 0, 8;
    %jmp T_12.11;
T_12.2 ;
    %pushi/vec4 164, 0, 8;
    %store/vec4 v0000000000913b50_0, 0, 8;
    %jmp T_12.11;
T_12.3 ;
    %pushi/vec4 176, 0, 8;
    %store/vec4 v0000000000913b50_0, 0, 8;
    %jmp T_12.11;
T_12.4 ;
    %pushi/vec4 153, 0, 8;
    %store/vec4 v0000000000913b50_0, 0, 8;
    %jmp T_12.11;
T_12.5 ;
    %pushi/vec4 146, 0, 8;
    %store/vec4 v0000000000913b50_0, 0, 8;
    %jmp T_12.11;
T_12.6 ;
    %pushi/vec4 130, 0, 8;
    %store/vec4 v0000000000913b50_0, 0, 8;
    %jmp T_12.11;
T_12.7 ;
    %pushi/vec4 248, 0, 8;
    %store/vec4 v0000000000913b50_0, 0, 8;
    %jmp T_12.11;
T_12.8 ;
    %pushi/vec4 128, 0, 8;
    %store/vec4 v0000000000913b50_0, 0, 8;
    %jmp T_12.11;
T_12.9 ;
    %pushi/vec4 144, 0, 8;
    %store/vec4 v0000000000913b50_0, 0, 8;
    %jmp T_12.11;
T_12.11 ;
    %pop/vec4 1;
    %jmp T_12;
    .thread T_12, $push;
    .scope S_0000000000842bc0;
T_13 ;
    %wait E_00000000008b4cb0;
    %load/vec4 v0000000000913c90_0;
    %dup/vec4;
    %pushi/vec4 0, 0, 4;
    %cmp/u;
    %jmp/1 T_13.0, 6;
    %dup/vec4;
    %pushi/vec4 1, 0, 4;
    %cmp/u;
    %jmp/1 T_13.1, 6;
    %dup/vec4;
    %pushi/vec4 2, 0, 4;
    %cmp/u;
    %jmp/1 T_13.2, 6;
    %dup/vec4;
    %pushi/vec4 3, 0, 4;
    %cmp/u;
    %jmp/1 T_13.3, 6;
    %dup/vec4;
    %pushi/vec4 4, 0, 4;
    %cmp/u;
    %jmp/1 T_13.4, 6;
    %dup/vec4;
    %pushi/vec4 5, 0, 4;
    %cmp/u;
    %jmp/1 T_13.5, 6;
    %dup/vec4;
    %pushi/vec4 6, 0, 4;
    %cmp/u;
    %jmp/1 T_13.6, 6;
    %dup/vec4;
    %pushi/vec4 7, 0, 4;
    %cmp/u;
    %jmp/1 T_13.7, 6;
    %dup/vec4;
    %pushi/vec4 8, 0, 4;
    %cmp/u;
    %jmp/1 T_13.8, 6;
    %dup/vec4;
    %pushi/vec4 9, 0, 4;
    %cmp/u;
    %jmp/1 T_13.9, 6;
    %pushi/vec4 255, 0, 8;
    %store/vec4 v0000000000912110_0, 0, 8;
    %jmp T_13.11;
T_13.0 ;
    %pushi/vec4 192, 0, 8;
    %store/vec4 v0000000000912110_0, 0, 8;
    %jmp T_13.11;
T_13.1 ;
    %pushi/vec4 249, 0, 8;
    %store/vec4 v0000000000912110_0, 0, 8;
    %jmp T_13.11;
T_13.2 ;
    %pushi/vec4 164, 0, 8;
    %store/vec4 v0000000000912110_0, 0, 8;
    %jmp T_13.11;
T_13.3 ;
    %pushi/vec4 176, 0, 8;
    %store/vec4 v0000000000912110_0, 0, 8;
    %jmp T_13.11;
T_13.4 ;
    %pushi/vec4 153, 0, 8;
    %store/vec4 v0000000000912110_0, 0, 8;
    %jmp T_13.11;
T_13.5 ;
    %pushi/vec4 146, 0, 8;
    %store/vec4 v0000000000912110_0, 0, 8;
    %jmp T_13.11;
T_13.6 ;
    %pushi/vec4 130, 0, 8;
    %store/vec4 v0000000000912110_0, 0, 8;
    %jmp T_13.11;
T_13.7 ;
    %pushi/vec4 248, 0, 8;
    %store/vec4 v0000000000912110_0, 0, 8;
    %jmp T_13.11;
T_13.8 ;
    %pushi/vec4 128, 0, 8;
    %store/vec4 v0000000000912110_0, 0, 8;
    %jmp T_13.11;
T_13.9 ;
    %pushi/vec4 144, 0, 8;
    %store/vec4 v0000000000912110_0, 0, 8;
    %jmp T_13.11;
T_13.11 ;
    %pop/vec4 1;
    %jmp T_13;
    .thread T_13, $push;
    .scope S_0000000000889130;
T_14 ;
    %wait E_00000000008b3fb0;
    %load/vec4 v0000000000912c50_0;
    %dup/vec4;
    %pushi/vec4 0, 0, 4;
    %cmp/u;
    %jmp/1 T_14.0, 6;
    %dup/vec4;
    %pushi/vec4 1, 0, 4;
    %cmp/u;
    %jmp/1 T_14.1, 6;
    %dup/vec4;
    %pushi/vec4 2, 0, 4;
    %cmp/u;
    %jmp/1 T_14.2, 6;
    %dup/vec4;
    %pushi/vec4 3, 0, 4;
    %cmp/u;
    %jmp/1 T_14.3, 6;
    %dup/vec4;
    %pushi/vec4 4, 0, 4;
    %cmp/u;
    %jmp/1 T_14.4, 6;
    %dup/vec4;
    %pushi/vec4 5, 0, 4;
    %cmp/u;
    %jmp/1 T_14.5, 6;
    %dup/vec4;
    %pushi/vec4 6, 0, 4;
    %cmp/u;
    %jmp/1 T_14.6, 6;
    %dup/vec4;
    %pushi/vec4 7, 0, 4;
    %cmp/u;
    %jmp/1 T_14.7, 6;
    %dup/vec4;
    %pushi/vec4 8, 0, 4;
    %cmp/u;
    %jmp/1 T_14.8, 6;
    %dup/vec4;
    %pushi/vec4 9, 0, 4;
    %cmp/u;
    %jmp/1 T_14.9, 6;
    %pushi/vec4 255, 0, 8;
    %store/vec4 v0000000000913510_0, 0, 8;
    %jmp T_14.11;
T_14.0 ;
    %pushi/vec4 192, 0, 8;
    %store/vec4 v0000000000913510_0, 0, 8;
    %jmp T_14.11;
T_14.1 ;
    %pushi/vec4 249, 0, 8;
    %store/vec4 v0000000000913510_0, 0, 8;
    %jmp T_14.11;
T_14.2 ;
    %pushi/vec4 164, 0, 8;
    %store/vec4 v0000000000913510_0, 0, 8;
    %jmp T_14.11;
T_14.3 ;
    %pushi/vec4 176, 0, 8;
    %store/vec4 v0000000000913510_0, 0, 8;
    %jmp T_14.11;
T_14.4 ;
    %pushi/vec4 153, 0, 8;
    %store/vec4 v0000000000913510_0, 0, 8;
    %jmp T_14.11;
T_14.5 ;
    %pushi/vec4 146, 0, 8;
    %store/vec4 v0000000000913510_0, 0, 8;
    %jmp T_14.11;
T_14.6 ;
    %pushi/vec4 130, 0, 8;
    %store/vec4 v0000000000913510_0, 0, 8;
    %jmp T_14.11;
T_14.7 ;
    %pushi/vec4 248, 0, 8;
    %store/vec4 v0000000000913510_0, 0, 8;
    %jmp T_14.11;
T_14.8 ;
    %pushi/vec4 128, 0, 8;
    %store/vec4 v0000000000913510_0, 0, 8;
    %jmp T_14.11;
T_14.9 ;
    %pushi/vec4 144, 0, 8;
    %store/vec4 v0000000000913510_0, 0, 8;
    %jmp T_14.11;
T_14.11 ;
    %pop/vec4 1;
    %jmp T_14;
    .thread T_14, $push;
    .scope S_0000000000885680;
T_15 ;
    %wait E_00000000008b49b0;
    %load/vec4 v0000000000913830_0;
    %dup/vec4;
    %pushi/vec4 0, 0, 4;
    %cmp/u;
    %jmp/1 T_15.0, 6;
    %dup/vec4;
    %pushi/vec4 1, 0, 4;
    %cmp/u;
    %jmp/1 T_15.1, 6;
    %dup/vec4;
    %pushi/vec4 2, 0, 4;
    %cmp/u;
    %jmp/1 T_15.2, 6;
    %dup/vec4;
    %pushi/vec4 3, 0, 4;
    %cmp/u;
    %jmp/1 T_15.3, 6;
    %dup/vec4;
    %pushi/vec4 4, 0, 4;
    %cmp/u;
    %jmp/1 T_15.4, 6;
    %dup/vec4;
    %pushi/vec4 5, 0, 4;
    %cmp/u;
    %jmp/1 T_15.5, 6;
    %dup/vec4;
    %pushi/vec4 6, 0, 4;
    %cmp/u;
    %jmp/1 T_15.6, 6;
    %dup/vec4;
    %pushi/vec4 7, 0, 4;
    %cmp/u;
    %jmp/1 T_15.7, 6;
    %dup/vec4;
    %pushi/vec4 8, 0, 4;
    %cmp/u;
    %jmp/1 T_15.8, 6;
    %dup/vec4;
    %pushi/vec4 9, 0, 4;
    %cmp/u;
    %jmp/1 T_15.9, 6;
    %pushi/vec4 255, 0, 8;
    %store/vec4 v0000000000913290_0, 0, 8;
    %jmp T_15.11;
T_15.0 ;
    %pushi/vec4 192, 0, 8;
    %store/vec4 v0000000000913290_0, 0, 8;
    %jmp T_15.11;
T_15.1 ;
    %pushi/vec4 249, 0, 8;
    %store/vec4 v0000000000913290_0, 0, 8;
    %jmp T_15.11;
T_15.2 ;
    %pushi/vec4 164, 0, 8;
    %store/vec4 v0000000000913290_0, 0, 8;
    %jmp T_15.11;
T_15.3 ;
    %pushi/vec4 176, 0, 8;
    %store/vec4 v0000000000913290_0, 0, 8;
    %jmp T_15.11;
T_15.4 ;
    %pushi/vec4 153, 0, 8;
    %store/vec4 v0000000000913290_0, 0, 8;
    %jmp T_15.11;
T_15.5 ;
    %pushi/vec4 146, 0, 8;
    %store/vec4 v0000000000913290_0, 0, 8;
    %jmp T_15.11;
T_15.6 ;
    %pushi/vec4 130, 0, 8;
    %store/vec4 v0000000000913290_0, 0, 8;
    %jmp T_15.11;
T_15.7 ;
    %pushi/vec4 248, 0, 8;
    %store/vec4 v0000000000913290_0, 0, 8;
    %jmp T_15.11;
T_15.8 ;
    %pushi/vec4 128, 0, 8;
    %store/vec4 v0000000000913290_0, 0, 8;
    %jmp T_15.11;
T_15.9 ;
    %pushi/vec4 144, 0, 8;
    %store/vec4 v0000000000913290_0, 0, 8;
    %jmp T_15.11;
T_15.11 ;
    %pop/vec4 1;
    %jmp T_15;
    .thread T_15, $push;
    .scope S_0000000000886ab0;
T_16 ;
    %wait E_00000000008b3f30;
    %load/vec4 v0000000000873bb0_0;
    %dup/vec4;
    %pushi/vec4 0, 0, 4;
    %cmp/u;
    %jmp/1 T_16.0, 6;
    %dup/vec4;
    %pushi/vec4 1, 0, 4;
    %cmp/u;
    %jmp/1 T_16.1, 6;
    %dup/vec4;
    %pushi/vec4 2, 0, 4;
    %cmp/u;
    %jmp/1 T_16.2, 6;
    %dup/vec4;
    %pushi/vec4 3, 0, 4;
    %cmp/u;
    %jmp/1 T_16.3, 6;
    %dup/vec4;
    %pushi/vec4 4, 0, 4;
    %cmp/u;
    %jmp/1 T_16.4, 6;
    %dup/vec4;
    %pushi/vec4 5, 0, 4;
    %cmp/u;
    %jmp/1 T_16.5, 6;
    %dup/vec4;
    %pushi/vec4 6, 0, 4;
    %cmp/u;
    %jmp/1 T_16.6, 6;
    %dup/vec4;
    %pushi/vec4 7, 0, 4;
    %cmp/u;
    %jmp/1 T_16.7, 6;
    %dup/vec4;
    %pushi/vec4 8, 0, 4;
    %cmp/u;
    %jmp/1 T_16.8, 6;
    %dup/vec4;
    %pushi/vec4 9, 0, 4;
    %cmp/u;
    %jmp/1 T_16.9, 6;
    %pushi/vec4 255, 0, 8;
    %store/vec4 v0000000000873430_0, 0, 8;
    %jmp T_16.11;
T_16.0 ;
    %pushi/vec4 192, 0, 8;
    %store/vec4 v0000000000873430_0, 0, 8;
    %jmp T_16.11;
T_16.1 ;
    %pushi/vec4 249, 0, 8;
    %store/vec4 v0000000000873430_0, 0, 8;
    %jmp T_16.11;
T_16.2 ;
    %pushi/vec4 164, 0, 8;
    %store/vec4 v0000000000873430_0, 0, 8;
    %jmp T_16.11;
T_16.3 ;
    %pushi/vec4 176, 0, 8;
    %store/vec4 v0000000000873430_0, 0, 8;
    %jmp T_16.11;
T_16.4 ;
    %pushi/vec4 153, 0, 8;
    %store/vec4 v0000000000873430_0, 0, 8;
    %jmp T_16.11;
T_16.5 ;
    %pushi/vec4 146, 0, 8;
    %store/vec4 v0000000000873430_0, 0, 8;
    %jmp T_16.11;
T_16.6 ;
    %pushi/vec4 130, 0, 8;
    %store/vec4 v0000000000873430_0, 0, 8;
    %jmp T_16.11;
T_16.7 ;
    %pushi/vec4 248, 0, 8;
    %store/vec4 v0000000000873430_0, 0, 8;
    %jmp T_16.11;
T_16.8 ;
    %pushi/vec4 128, 0, 8;
    %store/vec4 v0000000000873430_0, 0, 8;
    %jmp T_16.11;
T_16.9 ;
    %pushi/vec4 144, 0, 8;
    %store/vec4 v0000000000873430_0, 0, 8;
    %jmp T_16.11;
T_16.11 ;
    %pop/vec4 1;
    %jmp T_16;
    .thread T_16, $push;
    .scope S_0000000000883a30;
T_17 ;
    %pushi/vec4 0, 0, 1;
    %store/vec4 v0000000000914080_0, 0, 1;
    %pushi/vec4 0, 0, 2;
    %store/vec4 v0000000000915a20_0, 0, 2;
    %end;
    .thread T_17;
    .scope S_0000000000883a30;
T_18 ;
    %wait E_00000000008b4530;
    %load/vec4 v0000000000914080_0;
    %inv;
    %assign/vec4 v0000000000914080_0, 0;
    %jmp T_18;
    .thread T_18;
    .scope S_0000000000883a30;
T_19 ;
    %wait E_00000000008b47f0;
    %load/vec4 v00000000009121b0_0;
    %pad/u 32;
    %cmpi/e 0, 0, 32;
    %jmp/0xz  T_19.0, 4;
    %load/vec4 v0000000000915a20_0;
    %pad/u 32;
    %cmpi/e 0, 0, 32;
    %jmp/0xz  T_19.2, 4;
    %load/vec4 v0000000000914e40_0;
    %assign/vec4 v00000000009152a0_0, 0;
    %jmp T_19.3;
T_19.2 ;
    %load/vec4 v0000000000915a20_0;
    %pad/u 32;
    %cmpi/e 1, 0, 32;
    %jmp/0xz  T_19.4, 4;
    %load/vec4 v0000000000914f80_0;
    %assign/vec4 v00000000009152a0_0, 0;
    %jmp T_19.5;
T_19.4 ;
    %load/vec4 v0000000000915a20_0;
    %pad/u 32;
    %cmpi/e 2, 0, 32;
    %jmp/0xz  T_19.6, 4;
    %load/vec4 v00000000009143a0_0;
    %assign/vec4 v00000000009152a0_0, 0;
    %jmp T_19.7;
T_19.6 ;
    %load/vec4 v0000000000915a20_0;
    %pad/u 32;
    %cmpi/e 3, 0, 32;
    %jmp/0xz  T_19.8, 4;
    %load/vec4 v0000000000914d00_0;
    %assign/vec4 v00000000009152a0_0, 0;
T_19.8 ;
T_19.7 ;
T_19.5 ;
T_19.3 ;
    %load/vec4 v0000000000915a20_0;
    %addi 1, 0, 2;
    %assign/vec4 v0000000000915a20_0, 0;
    %jmp T_19.1;
T_19.0 ;
    %load/vec4 v0000000000915e80_0;
    %inv;
    %flag_set/vec4 8;
    %jmp/0xz  T_19.10, 8;
    %load/vec4 v0000000000915a20_0;
    %pad/u 32;
    %cmpi/e 0, 0, 32;
    %jmp/0xz  T_19.12, 4;
    %load/vec4 v0000000000912570_0;
    %flag_set/vec4 8;
    %jmp/0xz  T_19.14, 8;
    %load/vec4 v0000000000914e40_0;
    %assign/vec4 v00000000009152a0_0, 0;
    %jmp T_19.15;
T_19.14 ;
    %load/vec4 v0000000000912430_0;
    %assign/vec4 v00000000009152a0_0, 0;
T_19.15 ;
    %jmp T_19.13;
T_19.12 ;
    %load/vec4 v0000000000915a20_0;
    %pad/u 32;
    %cmpi/e 1, 0, 32;
    %jmp/0xz  T_19.16, 4;
    %load/vec4 v0000000000912570_0;
    %flag_set/vec4 8;
    %jmp/0xz  T_19.18, 8;
    %load/vec4 v0000000000914f80_0;
    %assign/vec4 v00000000009152a0_0, 0;
    %jmp T_19.19;
T_19.18 ;
    %load/vec4 v0000000000912430_0;
    %assign/vec4 v00000000009152a0_0, 0;
T_19.19 ;
    %jmp T_19.17;
T_19.16 ;
    %load/vec4 v0000000000915a20_0;
    %pad/u 32;
    %cmpi/e 2, 0, 32;
    %jmp/0xz  T_19.20, 4;
    %load/vec4 v00000000009143a0_0;
    %assign/vec4 v00000000009152a0_0, 0;
    %jmp T_19.21;
T_19.20 ;
    %load/vec4 v0000000000915a20_0;
    %pad/u 32;
    %cmpi/e 3, 0, 32;
    %jmp/0xz  T_19.22, 4;
    %load/vec4 v0000000000914d00_0;
    %assign/vec4 v00000000009152a0_0, 0;
T_19.22 ;
T_19.21 ;
T_19.17 ;
T_19.13 ;
    %load/vec4 v0000000000915a20_0;
    %addi 1, 0, 2;
    %assign/vec4 v0000000000915a20_0, 0;
    %jmp T_19.11;
T_19.10 ;
    %load/vec4 v0000000000915a20_0;
    %pad/u 32;
    %cmpi/e 0, 0, 32;
    %jmp/0xz  T_19.24, 4;
    %load/vec4 v0000000000914e40_0;
    %assign/vec4 v00000000009152a0_0, 0;
    %jmp T_19.25;
T_19.24 ;
    %load/vec4 v0000000000915a20_0;
    %pad/u 32;
    %cmpi/e 1, 0, 32;
    %jmp/0xz  T_19.26, 4;
    %load/vec4 v0000000000914f80_0;
    %assign/vec4 v00000000009152a0_0, 0;
    %jmp T_19.27;
T_19.26 ;
    %load/vec4 v0000000000915a20_0;
    %pad/u 32;
    %cmpi/e 2, 0, 32;
    %jmp/0xz  T_19.28, 4;
    %load/vec4 v0000000000912570_0;
    %flag_set/vec4 8;
    %jmp/0xz  T_19.30, 8;
    %load/vec4 v00000000009143a0_0;
    %assign/vec4 v00000000009152a0_0, 0;
    %jmp T_19.31;
T_19.30 ;
    %load/vec4 v0000000000912430_0;
    %assign/vec4 v00000000009152a0_0, 0;
T_19.31 ;
    %jmp T_19.29;
T_19.28 ;
    %load/vec4 v0000000000915a20_0;
    %pad/u 32;
    %cmpi/e 3, 0, 32;
    %jmp/0xz  T_19.32, 4;
    %load/vec4 v0000000000912570_0;
    %flag_set/vec4 8;
    %jmp/0xz  T_19.34, 8;
    %load/vec4 v0000000000914d00_0;
    %assign/vec4 v00000000009152a0_0, 0;
    %jmp T_19.35;
T_19.34 ;
    %load/vec4 v0000000000912430_0;
    %assign/vec4 v00000000009152a0_0, 0;
T_19.35 ;
T_19.32 ;
T_19.29 ;
T_19.27 ;
T_19.25 ;
    %load/vec4 v0000000000915a20_0;
    %addi 1, 0, 2;
    %assign/vec4 v0000000000915a20_0, 0;
T_19.11 ;
T_19.1 ;
    %jmp T_19;
    .thread T_19;
    .scope S_00000000008838a0;
T_20 ;
    %pushi/vec4 0, 0, 1;
    %store/vec4 v00000000009157a0_0, 0, 1;
    %pushi/vec4 0, 0, 1;
    %store/vec4 v0000000000915340_0, 0, 1;
    %pushi/vec4 0, 0, 1;
    %store/vec4 v00000000009149e0_0, 0, 1;
    %pushi/vec4 0, 0, 1;
    %store/vec4 v0000000000915700_0, 0, 1;
    %pushi/vec4 0, 0, 1;
    %store/vec4 v00000000009148a0_0, 0, 1;
    %delay 100000, 0;
T_20.0 ;
    %delay 1000, 0;
    %load/vec4 v00000000009157a0_0;
    %inv;
    %store/vec4 v00000000009157a0_0, 0, 1;
    %jmp T_20.0;
    %vpi_call 3 34 "$monitor", $time, "count = %b", v0000000000914120_0 {0 0 0};
    %end;
    .thread T_20;
# The file index is used to find the file name in the following table.
:file_names 9;
    "N/A";
    "<interactive>";
    "counter.v";
    "stopwatch-tb.v";
    "stopwatch.v";
    "segment_display.v";
    "clock.v";
    "stopwatch_counter.v";
    "debouncer.v";
