ISim log file
Running: C:\Users\152\Desktop\cs-m152a\lab_2\tb_isim_beh.exe -intstyle ise -gui -tclbatch isim.cmd -wdb C:/Users/152/Desktop/cs-m152a/lab_2/tb_isim_beh.wdb 
ISim P.68d (signature 0x8ef4fb42)
----------------------------------------------------------------------
WARNING:Security:42 - Your software subscription period has lapsed. Your current version of Xilinx tools will continue to function, but you no longer qualify for Xilinx software updates or new releases.


----------------------------------------------------------------------
This is a Full version of ISim.
Time resolution is 1 ps
# onerror resume
# wave add /
# run 1000 ns
Simulator is doing circuit initialization process.
Finished circuit initialization process.
         5 ... led output changed to        00000000
# run 1s
      2500 ... Running instruction        00000100
   3933205 ... instruction        00000100 executed
   3933205 ... led output changed to        00000001
   4502500 ... Running instruction        00000000
   7865365 ... instruction        00000000 executed
   7865365 ... led output changed to        00000010
   9002500 ... Running instruction        00010011
  13108245 ... instruction        00010011 executed
  13108245 ... led output changed to        00000011
  13502500 ... Running instruction        01001010
  17040405 ... instruction        01001010 executed
  17040405 ... led output changed to        00000100
  18002500 ... Running instruction        01001010
  20972565 ... instruction        01001010 executed
  20972565 ... led output changed to        00000101
  22502500 ... Running instruction        01001010
  26215445 ... instruction        01001010 executed
  26215445 ... led output changed to        00000110
  27002500 ... Running instruction        01100011
  30147605 ... instruction        01100011 executed
  30147605 ... led output changed to        00000111
  31502500 ... Running instruction        11000000
  35390485 ... instruction        11000000 executed
  35390485 ... led output changed to        00001000
  35399015 UART0 Received byte 30 (0)
  35410035 UART0 Received byte 30 (0)
  35421055 UART0 Received byte 34 (4)
  35432075 UART0 Received byte 30 (0)
  35443095 UART0 Received byte 0a (
)
  35454115 UART0 Received byte 0d (
)
  36002500 ... Running instruction        11010000
  39322645 ... instruction        11010000 executed
  39322645 ... led output changed to        00001001
  39331175 UART0 Received byte 30 (0)
  39342195 UART0 Received byte 30 (0)
  39353215 UART0 Received byte 30 (0)
  39364235 UART0 Received byte 33 (3)
  39375255 UART0 Received byte 0a (
)
  39386275 UART0 Received byte 0d (
)
  40502500 ... Running instruction        11100000
  44565525 ... instruction        11100000 executed
  44565525 ... led output changed to        00001010
  44574055 UART0 Received byte 30 (0)
  44585075 UART0 Received byte 30 (0)
  44596095 UART0 Received byte 43 (C)
  44607115 UART0 Received byte 30 (0)
  44618135 UART0 Received byte 0a (
)
  44629155 UART0 Received byte 0d (
)
  45002500 ... Running instruction        11110000
  48497685 ... instruction        11110000 executed
  48497685 ... led output changed to        00001011
  48506215 UART0 Received byte 30 (0)
  48517235 UART0 Received byte 31 (1)
  48528255 UART0 Received byte 30 (0)
  48539275 UART0 Received byte 30 (0)
  48550295 UART0 Received byte 0a (
)
  48561315 UART0 Received byte 0d (
)
  49502605 ... led output changed to        00000000
Stopped at time : 49503700 ns : File "C:/Users/152/Desktop/cs-m152a/lab_2/src/tb/tb.v" Line 51
# run all
Stopped at time : 56200185 ns : File "C:/Users/152/Desktop/cs-m152a/lab_2/src/tb/tb.v" Line 130
ISim P.68d (signature 0x8ef4fb42)
----------------------------------------------------------------------
WARNING:Security:42 - Your software subscription period has lapsed. Your current version of Xilinx tools will continue to function, but you no longer qualify for Xilinx software updates or new releases.


----------------------------------------------------------------------
This is a Full version of ISim.
# run 1000 ns
Simulator is doing circuit initialization process.
Finished circuit initialization process.
         5 ... led output changed to        00000000
