#-----------------------------------------------------------
# PlanAhead v14.6 (64-bit)
# Build 269223 by xbuild on Wed Jun  5 11:14:03 MDT 2013
# Start of session at: Tue Nov 26 17:04:03 2019
# Process ID: 5748
# Log file: C:/Users/152/Desktop/cs-m152a/lab_4/DDR/planAhead_run_1/planAhead.log
# Journal file: C:/Users/152/Desktop/cs-m152a/lab_4/DDR/planAhead_run_1/planAhead.jou
#-----------------------------------------------------------
INFO: [Common 17-78] Attempting to get a license: PlanAhead
INFO: [Common 17-290] Got license for PlanAhead
INFO: [Common 17-86] Your PlanAhead license expires in -1943 day(s)
INFO: [Device 21-36] Loading parts and site information from C:/Xilinx/14.6/ISE_DS/PlanAhead/data/parts/arch.xml
Parsing RTL primitives file [C:/Xilinx/14.6/ISE_DS/PlanAhead/data/parts/xilinx/rtl/prims/rtl_prims.xml]
Finished parsing RTL primitives file [C:/Xilinx/14.6/ISE_DS/PlanAhead/data/parts/xilinx/rtl/prims/rtl_prims.xml]
start_gui
source C:/Users/152/Desktop/cs-m152a/lab_4/DDR/pa.fromNetlist.tcl
# create_project -name DDR -dir "C:/Users/152/Desktop/cs-m152a/lab_4/DDR/planAhead_run_1" -part xc6slx16csg324-3
create_project: Time (s): elapsed = 00:00:05 . Memory (MB): peak = 413.609 ; gain = 58.434
INFO: [Common 17-41] Interrupt caught. Command should exit soon.
INFO: [Common 17-344] 'current_run' was cancelled
INFO: [Common 17-344] 'source' was cancelled
exit
ERROR: [PlanAhead 12-106] *** Exception: ui.h.b: Found deleted key in HTclEventBroker. Verify if the classes listed here call cleanup()
HTclEvent: DEBUG_CORE_CONFIG_CHANGE   Classes: ui.views.aR 
HTclEvent: SIGNAL_BUS_MODIFY   Classes: ui.views.aR 
HTclEvent: SIGNAL_MODIFY   Classes: ui.views.aR 
HTclEvent: DEBUG_PORT_CONFIG_CHANGE   Classes: ui.views.aR 
 (See C:/Users/152/Desktop/cs-m152a/lab_4/DDR\planAhead_pid5748.debug)
ERROR: [Common 17-39] 'stop_gui' failed due to earlier errors.
INFO: [Common 17-206] Exiting PlanAhead at Tue Nov 26 17:04:55 2019...
INFO: [Common 17-83] Releasing license: PlanAhead
