#! /usr/local/Cellar/icarus-verilog/10.3/bin/vvp
:ivl_version "10.3 (stable)" "(v10_3)";
:ivl_delay_selection "TYPICAL";
:vpi_time_precision - 12;
:vpi_module "system";
:vpi_module "vhdl_sys";
:vpi_module "v2005_math";
:vpi_module "va_math";
S_0x7fad63c05040 .scope module, "score_tb" "score_tb" 2 3;
 .timescale -9 -12;
v0x7fad63c16ce0_0 .net "an", 3 0, v0x7fad63c16110_0;  1 drivers
v0x7fad63c16db0_0 .var "clk", 0 0;
v0x7fad63c16e40_0 .var/i "score", 31 0;
v0x7fad63c16f10_0 .net "seg", 7 0, v0x7fad63c16a50_0;  1 drivers
S_0x7fad63c051a0 .scope module, "uut" "score" 2 12, 3 1 0, S_0x7fad63c05040;
 .timescale 0 0;
    .port_info 0 /INPUT 1 "i_clk"
    .port_info 1 /INPUT 32 "i_score"
    .port_info 2 /INPUT 32 "i_diff"
    .port_info 3 /OUTPUT 8 "seg"
    .port_info 4 /OUTPUT 4 "an"
L_0x7fad63c16fc0 .functor BUFZ 4, v0x7fad63c16330_0, C4<0000>, C4<0000>, C4<0000>;
L_0x7fad63c17070 .functor BUFZ 4, v0x7fad63c16870_0, C4<0000>, C4<0000>, C4<0000>;
L_0x7fad63c17120 .functor BUFZ 4, v0x7fad63c169b0_0, C4<0000>, C4<0000>, C4<0000>;
v0x7fad63c16110_0 .var "an", 3 0;
v0x7fad63c161c0_0 .var "count", 0 0;
v0x7fad63c16260_0 .net "diff_digit", 3 0, L_0x7fad63c16fc0;  1 drivers
v0x7fad63c16330_0 .var "diff_digit_out", 3 0;
v0x7fad63c163d0_0 .net "hundreds_segment", 7 0, L_0x7fad63c172a0;  1 drivers
v0x7fad63c164b0_0 .net "i_clk", 0 0, v0x7fad63c16db0_0;  1 drivers
o0x102897398 .functor BUFZ 32, C4<zzzzzzzzzzzzzzzzzzzzzzzzzzzzzzzz>; HiZ drive
v0x7fad63c16540_0 .net/s "i_diff", 31 0, o0x102897398;  0 drivers
v0x7fad63c165f0_0 .net/s "i_score", 31 0, v0x7fad63c16e40_0;  1 drivers
v0x7fad63c166a0_0 .net "ones_segment", 7 0, L_0x7fad63c171f0;  1 drivers
v0x7fad63c167e0_0 .net "score_ones_digit", 3 0, L_0x7fad63c17070;  1 drivers
v0x7fad63c16870_0 .var "score_ones_digit_out", 3 0;
v0x7fad63c16900_0 .net "score_tens_digit", 3 0, L_0x7fad63c17120;  1 drivers
v0x7fad63c169b0_0 .var "score_tens_digit_out", 3 0;
v0x7fad63c16a50_0 .var "seg", 7 0;
v0x7fad63c16b00_0 .var/i "temp_score", 31 0;
v0x7fad63c16bb0_0 .net "thousands_segment", 7 0, L_0x7fad63c17350;  1 drivers
E_0x7fad63c05300 .event posedge, v0x7fad63c164b0_0;
S_0x7fad63c05350 .scope module, "hundreds_display" "segment_display" 3 43, 4 1 0, S_0x7fad63c051a0;
 .timescale -9 -12;
    .port_info 0 /INPUT 4 "digit"
    .port_info 1 /OUTPUT 8 "seg"
L_0x7fad63c172a0 .functor BUFZ 8, v0x7fad63c15700_0, C4<00000000>, C4<00000000>, C4<00000000>;
v0x7fad63c055a0_0 .net "digit", 3 0, L_0x7fad63c17070;  alias, 1 drivers
v0x7fad63c15660_0 .net "seg", 7 0, L_0x7fad63c172a0;  alias, 1 drivers
v0x7fad63c15700_0 .var "segment_reg", 7 0;
E_0x7fad63c05550 .event edge, v0x7fad63c055a0_0;
S_0x7fad63c157e0 .scope module, "ones_display" "segment_display" 3 38, 4 1 0, S_0x7fad63c051a0;
 .timescale -9 -12;
    .port_info 0 /INPUT 4 "digit"
    .port_info 1 /OUTPUT 8 "seg"
L_0x7fad63c171f0 .functor BUFZ 8, v0x7fad63c15b80_0, C4<00000000>, C4<00000000>, C4<00000000>;
v0x7fad63c15a10_0 .net "digit", 3 0, L_0x7fad63c16fc0;  alias, 1 drivers
v0x7fad63c15ad0_0 .net "seg", 7 0, L_0x7fad63c171f0;  alias, 1 drivers
v0x7fad63c15b80_0 .var "segment_reg", 7 0;
E_0x7fad63c159c0 .event edge, v0x7fad63c15a10_0;
S_0x7fad63c15c70 .scope module, "thousands_display" "segment_display" 3 48, 4 1 0, S_0x7fad63c051a0;
 .timescale -9 -12;
    .port_info 0 /INPUT 4 "digit"
    .port_info 1 /OUTPUT 8 "seg"
L_0x7fad63c17350 .functor BUFZ 8, v0x7fad63c16020_0, C4<00000000>, C4<00000000>, C4<00000000>;
v0x7fad63c15eb0_0 .net "digit", 3 0, L_0x7fad63c17120;  alias, 1 drivers
v0x7fad63c15f70_0 .net "seg", 7 0, L_0x7fad63c17350;  alias, 1 drivers
v0x7fad63c16020_0 .var "segment_reg", 7 0;
E_0x7fad63c15e70 .event edge, v0x7fad63c15eb0_0;
    .scope S_0x7fad63c157e0;
T_0 ;
    %wait E_0x7fad63c159c0;
    %load/vec4 v0x7fad63c15a10_0;
    %dup/vec4;
    %pushi/vec4 0, 0, 4;
    %cmp/u;
    %jmp/1 T_0.0, 6;
    %dup/vec4;
    %pushi/vec4 1, 0, 4;
    %cmp/u;
    %jmp/1 T_0.1, 6;
    %dup/vec4;
    %pushi/vec4 2, 0, 4;
    %cmp/u;
    %jmp/1 T_0.2, 6;
    %dup/vec4;
    %pushi/vec4 3, 0, 4;
    %cmp/u;
    %jmp/1 T_0.3, 6;
    %dup/vec4;
    %pushi/vec4 4, 0, 4;
    %cmp/u;
    %jmp/1 T_0.4, 6;
    %dup/vec4;
    %pushi/vec4 5, 0, 4;
    %cmp/u;
    %jmp/1 T_0.5, 6;
    %dup/vec4;
    %pushi/vec4 6, 0, 4;
    %cmp/u;
    %jmp/1 T_0.6, 6;
    %dup/vec4;
    %pushi/vec4 7, 0, 4;
    %cmp/u;
    %jmp/1 T_0.7, 6;
    %dup/vec4;
    %pushi/vec4 8, 0, 4;
    %cmp/u;
    %jmp/1 T_0.8, 6;
    %dup/vec4;
    %pushi/vec4 9, 0, 4;
    %cmp/u;
    %jmp/1 T_0.9, 6;
    %pushi/vec4 255, 0, 8;
    %store/vec4 v0x7fad63c15b80_0, 0, 8;
    %jmp T_0.11;
T_0.0 ;
    %pushi/vec4 192, 0, 8;
    %store/vec4 v0x7fad63c15b80_0, 0, 8;
    %jmp T_0.11;
T_0.1 ;
    %pushi/vec4 249, 0, 8;
    %store/vec4 v0x7fad63c15b80_0, 0, 8;
    %jmp T_0.11;
T_0.2 ;
    %pushi/vec4 164, 0, 8;
    %store/vec4 v0x7fad63c15b80_0, 0, 8;
    %jmp T_0.11;
T_0.3 ;
    %pushi/vec4 176, 0, 8;
    %store/vec4 v0x7fad63c15b80_0, 0, 8;
    %jmp T_0.11;
T_0.4 ;
    %pushi/vec4 153, 0, 8;
    %store/vec4 v0x7fad63c15b80_0, 0, 8;
    %jmp T_0.11;
T_0.5 ;
    %pushi/vec4 146, 0, 8;
    %store/vec4 v0x7fad63c15b80_0, 0, 8;
    %jmp T_0.11;
T_0.6 ;
    %pushi/vec4 130, 0, 8;
    %store/vec4 v0x7fad63c15b80_0, 0, 8;
    %jmp T_0.11;
T_0.7 ;
    %pushi/vec4 248, 0, 8;
    %store/vec4 v0x7fad63c15b80_0, 0, 8;
    %jmp T_0.11;
T_0.8 ;
    %pushi/vec4 128, 0, 8;
    %store/vec4 v0x7fad63c15b80_0, 0, 8;
    %jmp T_0.11;
T_0.9 ;
    %pushi/vec4 144, 0, 8;
    %store/vec4 v0x7fad63c15b80_0, 0, 8;
    %jmp T_0.11;
T_0.11 ;
    %pop/vec4 1;
    %jmp T_0;
    .thread T_0, $push;
    .scope S_0x7fad63c05350;
T_1 ;
    %wait E_0x7fad63c05550;
    %load/vec4 v0x7fad63c055a0_0;
    %dup/vec4;
    %pushi/vec4 0, 0, 4;
    %cmp/u;
    %jmp/1 T_1.0, 6;
    %dup/vec4;
    %pushi/vec4 1, 0, 4;
    %cmp/u;
    %jmp/1 T_1.1, 6;
    %dup/vec4;
    %pushi/vec4 2, 0, 4;
    %cmp/u;
    %jmp/1 T_1.2, 6;
    %dup/vec4;
    %pushi/vec4 3, 0, 4;
    %cmp/u;
    %jmp/1 T_1.3, 6;
    %dup/vec4;
    %pushi/vec4 4, 0, 4;
    %cmp/u;
    %jmp/1 T_1.4, 6;
    %dup/vec4;
    %pushi/vec4 5, 0, 4;
    %cmp/u;
    %jmp/1 T_1.5, 6;
    %dup/vec4;
    %pushi/vec4 6, 0, 4;
    %cmp/u;
    %jmp/1 T_1.6, 6;
    %dup/vec4;
    %pushi/vec4 7, 0, 4;
    %cmp/u;
    %jmp/1 T_1.7, 6;
    %dup/vec4;
    %pushi/vec4 8, 0, 4;
    %cmp/u;
    %jmp/1 T_1.8, 6;
    %dup/vec4;
    %pushi/vec4 9, 0, 4;
    %cmp/u;
    %jmp/1 T_1.9, 6;
    %pushi/vec4 255, 0, 8;
    %store/vec4 v0x7fad63c15700_0, 0, 8;
    %jmp T_1.11;
T_1.0 ;
    %pushi/vec4 192, 0, 8;
    %store/vec4 v0x7fad63c15700_0, 0, 8;
    %jmp T_1.11;
T_1.1 ;
    %pushi/vec4 249, 0, 8;
    %store/vec4 v0x7fad63c15700_0, 0, 8;
    %jmp T_1.11;
T_1.2 ;
    %pushi/vec4 164, 0, 8;
    %store/vec4 v0x7fad63c15700_0, 0, 8;
    %jmp T_1.11;
T_1.3 ;
    %pushi/vec4 176, 0, 8;
    %store/vec4 v0x7fad63c15700_0, 0, 8;
    %jmp T_1.11;
T_1.4 ;
    %pushi/vec4 153, 0, 8;
    %store/vec4 v0x7fad63c15700_0, 0, 8;
    %jmp T_1.11;
T_1.5 ;
    %pushi/vec4 146, 0, 8;
    %store/vec4 v0x7fad63c15700_0, 0, 8;
    %jmp T_1.11;
T_1.6 ;
    %pushi/vec4 130, 0, 8;
    %store/vec4 v0x7fad63c15700_0, 0, 8;
    %jmp T_1.11;
T_1.7 ;
    %pushi/vec4 248, 0, 8;
    %store/vec4 v0x7fad63c15700_0, 0, 8;
    %jmp T_1.11;
T_1.8 ;
    %pushi/vec4 128, 0, 8;
    %store/vec4 v0x7fad63c15700_0, 0, 8;
    %jmp T_1.11;
T_1.9 ;
    %pushi/vec4 144, 0, 8;
    %store/vec4 v0x7fad63c15700_0, 0, 8;
    %jmp T_1.11;
T_1.11 ;
    %pop/vec4 1;
    %jmp T_1;
    .thread T_1, $push;
    .scope S_0x7fad63c15c70;
T_2 ;
    %wait E_0x7fad63c15e70;
    %load/vec4 v0x7fad63c15eb0_0;
    %dup/vec4;
    %pushi/vec4 0, 0, 4;
    %cmp/u;
    %jmp/1 T_2.0, 6;
    %dup/vec4;
    %pushi/vec4 1, 0, 4;
    %cmp/u;
    %jmp/1 T_2.1, 6;
    %dup/vec4;
    %pushi/vec4 2, 0, 4;
    %cmp/u;
    %jmp/1 T_2.2, 6;
    %dup/vec4;
    %pushi/vec4 3, 0, 4;
    %cmp/u;
    %jmp/1 T_2.3, 6;
    %dup/vec4;
    %pushi/vec4 4, 0, 4;
    %cmp/u;
    %jmp/1 T_2.4, 6;
    %dup/vec4;
    %pushi/vec4 5, 0, 4;
    %cmp/u;
    %jmp/1 T_2.5, 6;
    %dup/vec4;
    %pushi/vec4 6, 0, 4;
    %cmp/u;
    %jmp/1 T_2.6, 6;
    %dup/vec4;
    %pushi/vec4 7, 0, 4;
    %cmp/u;
    %jmp/1 T_2.7, 6;
    %dup/vec4;
    %pushi/vec4 8, 0, 4;
    %cmp/u;
    %jmp/1 T_2.8, 6;
    %dup/vec4;
    %pushi/vec4 9, 0, 4;
    %cmp/u;
    %jmp/1 T_2.9, 6;
    %pushi/vec4 255, 0, 8;
    %store/vec4 v0x7fad63c16020_0, 0, 8;
    %jmp T_2.11;
T_2.0 ;
    %pushi/vec4 192, 0, 8;
    %store/vec4 v0x7fad63c16020_0, 0, 8;
    %jmp T_2.11;
T_2.1 ;
    %pushi/vec4 249, 0, 8;
    %store/vec4 v0x7fad63c16020_0, 0, 8;
    %jmp T_2.11;
T_2.2 ;
    %pushi/vec4 164, 0, 8;
    %store/vec4 v0x7fad63c16020_0, 0, 8;
    %jmp T_2.11;
T_2.3 ;
    %pushi/vec4 176, 0, 8;
    %store/vec4 v0x7fad63c16020_0, 0, 8;
    %jmp T_2.11;
T_2.4 ;
    %pushi/vec4 153, 0, 8;
    %store/vec4 v0x7fad63c16020_0, 0, 8;
    %jmp T_2.11;
T_2.5 ;
    %pushi/vec4 146, 0, 8;
    %store/vec4 v0x7fad63c16020_0, 0, 8;
    %jmp T_2.11;
T_2.6 ;
    %pushi/vec4 130, 0, 8;
    %store/vec4 v0x7fad63c16020_0, 0, 8;
    %jmp T_2.11;
T_2.7 ;
    %pushi/vec4 248, 0, 8;
    %store/vec4 v0x7fad63c16020_0, 0, 8;
    %jmp T_2.11;
T_2.8 ;
    %pushi/vec4 128, 0, 8;
    %store/vec4 v0x7fad63c16020_0, 0, 8;
    %jmp T_2.11;
T_2.9 ;
    %pushi/vec4 144, 0, 8;
    %store/vec4 v0x7fad63c16020_0, 0, 8;
    %jmp T_2.11;
T_2.11 ;
    %pop/vec4 1;
    %jmp T_2;
    .thread T_2, $push;
    .scope S_0x7fad63c051a0;
T_3 ;
    %pushi/vec4 0, 0, 1;
    %store/vec4 v0x7fad63c161c0_0, 0, 1;
    %end;
    .thread T_3;
    .scope S_0x7fad63c051a0;
T_4 ;
    %wait E_0x7fad63c05300;
    %load/vec4 v0x7fad63c165f0_0;
    %store/vec4 v0x7fad63c16b00_0, 0, 32;
    %load/vec4 v0x7fad63c16b00_0;
    %pushi/vec4 10, 0, 32;
    %mod/s;
    %pad/s 4;
    %assign/vec4 v0x7fad63c16870_0, 0;
    %load/vec4 v0x7fad63c16b00_0;
    %pushi/vec4 10, 0, 32;
    %div/s;
    %store/vec4 v0x7fad63c16b00_0, 0, 32;
    %load/vec4 v0x7fad63c16b00_0;
    %pushi/vec4 10, 0, 32;
    %mod/s;
    %pad/s 4;
    %assign/vec4 v0x7fad63c169b0_0, 0;
    %load/vec4 v0x7fad63c16b00_0;
    %pushi/vec4 10, 0, 32;
    %div/s;
    %store/vec4 v0x7fad63c16b00_0, 0, 32;
    %load/vec4 v0x7fad63c16540_0;
    %pad/s 4;
    %store/vec4 v0x7fad63c16330_0, 0, 4;
    %jmp T_4;
    .thread T_4;
    .scope S_0x7fad63c051a0;
T_5 ;
    %wait E_0x7fad63c05300;
    %load/vec4 v0x7fad63c161c0_0;
    %pad/u 32;
    %cmpi/e 0, 0, 32;
    %jmp/0xz  T_5.0, 4;
    %pushi/vec4 7, 0, 4;
    %assign/vec4 v0x7fad63c16110_0, 0;
    %load/vec4 v0x7fad63c16bb0_0;
    %assign/vec4 v0x7fad63c16a50_0, 0;
    %jmp T_5.1;
T_5.0 ;
    %load/vec4 v0x7fad63c161c0_0;
    %pad/u 32;
    %cmpi/e 1, 0, 32;
    %jmp/0xz  T_5.2, 4;
    %pushi/vec4 11, 0, 4;
    %assign/vec4 v0x7fad63c16110_0, 0;
    %load/vec4 v0x7fad63c163d0_0;
    %assign/vec4 v0x7fad63c16a50_0, 0;
T_5.2 ;
T_5.1 ;
    %pushi/vec4 14, 0, 4;
    %assign/vec4 v0x7fad63c16110_0, 0;
    %load/vec4 v0x7fad63c166a0_0;
    %assign/vec4 v0x7fad63c16a50_0, 0;
    %load/vec4 v0x7fad63c161c0_0;
    %pad/u 2;
    %addi 1, 0, 2;
    %pad/u 1;
    %assign/vec4 v0x7fad63c161c0_0, 0;
    %jmp T_5;
    .thread T_5;
    .scope S_0x7fad63c05040;
T_6 ;
    %pushi/vec4 0, 0, 1;
    %store/vec4 v0x7fad63c16db0_0, 0, 1;
    %pushi/vec4 0, 0, 32;
    %store/vec4 v0x7fad63c16e40_0, 0, 32;
    %delay 1000000, 0;
    %vpi_call 2 24 "$display", "Running..." {0 0 0};
    %delay 1000000, 0;
    %load/vec4 v0x7fad63c16db0_0;
    %inv;
    %store/vec4 v0x7fad63c16db0_0, 0, 1;
    %delay 1000000, 0;
    %load/vec4 v0x7fad63c16db0_0;
    %inv;
    %store/vec4 v0x7fad63c16db0_0, 0, 1;
    %pushi/vec4 11, 0, 32;
    %store/vec4 v0x7fad63c16e40_0, 0, 32;
    %delay 1000000, 0;
    %load/vec4 v0x7fad63c16db0_0;
    %inv;
    %store/vec4 v0x7fad63c16db0_0, 0, 1;
    %delay 1000000, 0;
    %load/vec4 v0x7fad63c16db0_0;
    %inv;
    %store/vec4 v0x7fad63c16db0_0, 0, 1;
    %vpi_call 2 30 "$display", "score = %d, seg = %b", v0x7fad63c16e40_0, v0x7fad63c16f10_0 {0 0 0};
    %pushi/vec4 22, 0, 32;
    %store/vec4 v0x7fad63c16e40_0, 0, 32;
    %vpi_call 2 32 "$display", "score = %d, seg = %b", v0x7fad63c16e40_0, v0x7fad63c16f10_0 {0 0 0};
    %delay 100000, 0;
    %vpi_call 2 33 "$finish" {0 0 0};
    %end;
    .thread T_6;
# The file index is used to find the file name in the following table.
:file_names 5;
    "N/A";
    "<interactive>";
    "score-tb.v";
    "score.v";
    "segment_display.v";
