--------------------------------------------------------------------------------
Release 14.6 Trace  (nt64)
Copyright (c) 1995-2013 Xilinx, Inc.  All rights reserved.

C:\Xilinx\14.6\ISE_DS\ISE\bin\nt64\unwrapped\trce.exe -intstyle ise -v 3 -s 3
-n 3 -fastpaths -xml top.twx top.ncd -o top.twr top.pcf -ucf nexys3.ucf

Design file:              top.ncd
Physical constraint file: top.pcf
Device,package,speed:     xc6slx16,csg324,C,-3 (PRODUCTION 1.23 2013-06-08)
Report level:             verbose report

Environment Variable      Effect 
--------------------      ------ 
NONE                      No environment variables were set
--------------------------------------------------------------------------------

INFO:Timing:3412 - To improve timing, see the Timing Closure User Guide (UG612).
INFO:Timing:2752 - To get complete path coverage, use the unconstrained paths 
   option. All paths that are not constrained will be reported in the 
   unconstrained paths section(s) of the report.
INFO:Timing:3339 - The clock-to-out numbers in this timing report are based on 
   a 50 Ohm transmission line loading model.  For the details of this model, 
   and for more information on accounting for different loading conditions, 
   please see the device datasheet.

================================================================================
Timing constraint: TS_sys_clk_pin = PERIOD TIMEGRP "sys_clk_pin" 100 MHz HIGH 
50%;
For more information, see Period Analysis in the Timing Closure User Guide (UG612).

 4820 paths analyzed, 284 endpoints analyzed, 0 failing endpoints
 0 timing errors detected. (0 setup errors, 0 hold errors, 0 component switching limit errors)
 Minimum period is   4.122ns.
--------------------------------------------------------------------------------

Paths for end point clock_controller/cnt_mov_1 (SLICE_X20Y39.SR), 53 paths
--------------------------------------------------------------------------------
Slack (setup path):     5.878ns (requirement - (data path - clock path skew + uncertainty))
  Source:               clock_controller/cnt_mov_11 (FF)
  Destination:          clock_controller/cnt_mov_1 (FF)
  Requirement:          10.000ns
  Data Path Delay:      4.070ns (Levels of Logic = 3)
  Clock Path Skew:      -0.017ns (0.237 - 0.254)
  Source Clock:         clk_BUFGP rising at 0.000ns
  Destination Clock:    clk_BUFGP rising at 10.000ns
  Clock Uncertainty:    0.035ns

  Clock Uncertainty:          0.035ns  ((TSJ^2 + TIJ^2)^1/2 + DJ) / 2 + PE
    Total System Jitter (TSJ):  0.070ns
    Total Input Jitter (TIJ):   0.000ns
    Discrete Jitter (DJ):       0.000ns
    Phase Error (PE):           0.000ns

  Maximum Data Path at Slow Process Corner: clock_controller/cnt_mov_11 to clock_controller/cnt_mov_1
    Location             Delay type         Delay(ns)  Physical Resource
                                                       Logical Resource(s)
    -------------------------------------------------  -------------------
    SLICE_X20Y41.DQ      Tcko                  0.408   clock_controller/cnt_mov<11>
                                                       clock_controller/cnt_mov_11
    SLICE_X22Y42.B3      net (fanout=2)        0.953   clock_controller/cnt_mov<11>
    SLICE_X22Y42.COUT    Topcyb                0.380   clock_controller/Mcompar_n0018_cy<3>
                                                       clock_controller/Mcompar_n0018_lut<1>
                                                       clock_controller/Mcompar_n0018_cy<3>
    SLICE_X22Y43.CIN     net (fanout=1)        0.003   clock_controller/Mcompar_n0018_cy<3>
    SLICE_X22Y43.AMUX    Tcina                 0.212   clock_controller/Mcompar_n0018_cy<4>
                                                       clock_controller/Mcompar_n0018_cy<4>
    SLICE_X21Y46.B5      net (fanout=1)        0.650   clock_controller/Mcompar_n0018_cy<4>
    SLICE_X21Y46.B       Tilo                  0.259   clock_controller/clk_mov
                                                       clock_controller/Mcompar_n0018_cy<5>
    SLICE_X20Y39.SR      net (fanout=9)        0.750   clock_controller/Mcompar_n0018_cy<5>
    SLICE_X20Y39.CLK     Tsrck                 0.455   clock_controller/cnt_mov<3>
                                                       clock_controller/cnt_mov_1
    -------------------------------------------------  ---------------------------
    Total                                      4.070ns (1.714ns logic, 2.356ns route)
                                                       (42.1% logic, 57.9% route)

--------------------------------------------------------------------------------
Slack (setup path):     5.946ns (requirement - (data path - clock path skew + uncertainty))
  Source:               clock_controller/cnt_mov_11 (FF)
  Destination:          clock_controller/cnt_mov_1 (FF)
  Requirement:          10.000ns
  Data Path Delay:      4.002ns (Levels of Logic = 3)
  Clock Path Skew:      -0.017ns (0.237 - 0.254)
  Source Clock:         clk_BUFGP rising at 0.000ns
  Destination Clock:    clk_BUFGP rising at 10.000ns
  Clock Uncertainty:    0.035ns

  Clock Uncertainty:          0.035ns  ((TSJ^2 + TIJ^2)^1/2 + DJ) / 2 + PE
    Total System Jitter (TSJ):  0.070ns
    Total Input Jitter (TIJ):   0.000ns
    Discrete Jitter (DJ):       0.000ns
    Phase Error (PE):           0.000ns

  Maximum Data Path at Slow Process Corner: clock_controller/cnt_mov_11 to clock_controller/cnt_mov_1
    Location             Delay type         Delay(ns)  Physical Resource
                                                       Logical Resource(s)
    -------------------------------------------------  -------------------
    SLICE_X20Y41.DQ      Tcko                  0.408   clock_controller/cnt_mov<11>
                                                       clock_controller/cnt_mov_11
    SLICE_X22Y42.B3      net (fanout=2)        0.953   clock_controller/cnt_mov<11>
    SLICE_X22Y42.COUT    Topcyb                0.312   clock_controller/Mcompar_n0018_cy<3>
                                                       clock_controller/Mcompar_n0018_lutdi1
                                                       clock_controller/Mcompar_n0018_cy<3>
    SLICE_X22Y43.CIN     net (fanout=1)        0.003   clock_controller/Mcompar_n0018_cy<3>
    SLICE_X22Y43.AMUX    Tcina                 0.212   clock_controller/Mcompar_n0018_cy<4>
                                                       clock_controller/Mcompar_n0018_cy<4>
    SLICE_X21Y46.B5      net (fanout=1)        0.650   clock_controller/Mcompar_n0018_cy<4>
    SLICE_X21Y46.B       Tilo                  0.259   clock_controller/clk_mov
                                                       clock_controller/Mcompar_n0018_cy<5>
    SLICE_X20Y39.SR      net (fanout=9)        0.750   clock_controller/Mcompar_n0018_cy<5>
    SLICE_X20Y39.CLK     Tsrck                 0.455   clock_controller/cnt_mov<3>
                                                       clock_controller/cnt_mov_1
    -------------------------------------------------  ---------------------------
    Total                                      4.002ns (1.646ns logic, 2.356ns route)
                                                       (41.1% logic, 58.9% route)

--------------------------------------------------------------------------------
Slack (setup path):     5.948ns (requirement - (data path - clock path skew + uncertainty))
  Source:               clock_controller/cnt_mov_2 (FF)
  Destination:          clock_controller/cnt_mov_1 (FF)
  Requirement:          10.000ns
  Data Path Delay:      4.017ns (Levels of Logic = 3)
  Clock Path Skew:      0.000ns
  Source Clock:         clk_BUFGP rising at 0.000ns
  Destination Clock:    clk_BUFGP rising at 10.000ns
  Clock Uncertainty:    0.035ns

  Clock Uncertainty:          0.035ns  ((TSJ^2 + TIJ^2)^1/2 + DJ) / 2 + PE
    Total System Jitter (TSJ):  0.070ns
    Total Input Jitter (TIJ):   0.000ns
    Discrete Jitter (DJ):       0.000ns
    Phase Error (PE):           0.000ns

  Maximum Data Path at Slow Process Corner: clock_controller/cnt_mov_2 to clock_controller/cnt_mov_1
    Location             Delay type         Delay(ns)  Physical Resource
                                                       Logical Resource(s)
    -------------------------------------------------  -------------------
    SLICE_X20Y39.CQ      Tcko                  0.408   clock_controller/cnt_mov<3>
                                                       clock_controller/cnt_mov_2
    SLICE_X22Y42.A1      net (fanout=2)        0.901   clock_controller/cnt_mov<2>
    SLICE_X22Y42.COUT    Topcya                0.379   clock_controller/Mcompar_n0018_cy<3>
                                                       clock_controller/Mcompar_n0018_lut<0>
                                                       clock_controller/Mcompar_n0018_cy<3>
    SLICE_X22Y43.CIN     net (fanout=1)        0.003   clock_controller/Mcompar_n0018_cy<3>
    SLICE_X22Y43.AMUX    Tcina                 0.212   clock_controller/Mcompar_n0018_cy<4>
                                                       clock_controller/Mcompar_n0018_cy<4>
    SLICE_X21Y46.B5      net (fanout=1)        0.650   clock_controller/Mcompar_n0018_cy<4>
    SLICE_X21Y46.B       Tilo                  0.259   clock_controller/clk_mov
                                                       clock_controller/Mcompar_n0018_cy<5>
    SLICE_X20Y39.SR      net (fanout=9)        0.750   clock_controller/Mcompar_n0018_cy<5>
    SLICE_X20Y39.CLK     Tsrck                 0.455   clock_controller/cnt_mov<3>
                                                       clock_controller/cnt_mov_1
    -------------------------------------------------  ---------------------------
    Total                                      4.017ns (1.713ns logic, 2.304ns route)
                                                       (42.6% logic, 57.4% route)

--------------------------------------------------------------------------------

Paths for end point clock_controller/cnt_mov_0 (SLICE_X20Y39.SR), 53 paths
--------------------------------------------------------------------------------
Slack (setup path):     5.889ns (requirement - (data path - clock path skew + uncertainty))
  Source:               clock_controller/cnt_mov_11 (FF)
  Destination:          clock_controller/cnt_mov_0 (FF)
  Requirement:          10.000ns
  Data Path Delay:      4.059ns (Levels of Logic = 3)
  Clock Path Skew:      -0.017ns (0.237 - 0.254)
  Source Clock:         clk_BUFGP rising at 0.000ns
  Destination Clock:    clk_BUFGP rising at 10.000ns
  Clock Uncertainty:    0.035ns

  Clock Uncertainty:          0.035ns  ((TSJ^2 + TIJ^2)^1/2 + DJ) / 2 + PE
    Total System Jitter (TSJ):  0.070ns
    Total Input Jitter (TIJ):   0.000ns
    Discrete Jitter (DJ):       0.000ns
    Phase Error (PE):           0.000ns

  Maximum Data Path at Slow Process Corner: clock_controller/cnt_mov_11 to clock_controller/cnt_mov_0
    Location             Delay type         Delay(ns)  Physical Resource
                                                       Logical Resource(s)
    -------------------------------------------------  -------------------
    SLICE_X20Y41.DQ      Tcko                  0.408   clock_controller/cnt_mov<11>
                                                       clock_controller/cnt_mov_11
    SLICE_X22Y42.B3      net (fanout=2)        0.953   clock_controller/cnt_mov<11>
    SLICE_X22Y42.COUT    Topcyb                0.380   clock_controller/Mcompar_n0018_cy<3>
                                                       clock_controller/Mcompar_n0018_lut<1>
                                                       clock_controller/Mcompar_n0018_cy<3>
    SLICE_X22Y43.CIN     net (fanout=1)        0.003   clock_controller/Mcompar_n0018_cy<3>
    SLICE_X22Y43.AMUX    Tcina                 0.212   clock_controller/Mcompar_n0018_cy<4>
                                                       clock_controller/Mcompar_n0018_cy<4>
    SLICE_X21Y46.B5      net (fanout=1)        0.650   clock_controller/Mcompar_n0018_cy<4>
    SLICE_X21Y46.B       Tilo                  0.259   clock_controller/clk_mov
                                                       clock_controller/Mcompar_n0018_cy<5>
    SLICE_X20Y39.SR      net (fanout=9)        0.750   clock_controller/Mcompar_n0018_cy<5>
    SLICE_X20Y39.CLK     Tsrck                 0.444   clock_controller/cnt_mov<3>
                                                       clock_controller/cnt_mov_0
    -------------------------------------------------  ---------------------------
    Total                                      4.059ns (1.703ns logic, 2.356ns route)
                                                       (42.0% logic, 58.0% route)

--------------------------------------------------------------------------------
Slack (setup path):     5.957ns (requirement - (data path - clock path skew + uncertainty))
  Source:               clock_controller/cnt_mov_11 (FF)
  Destination:          clock_controller/cnt_mov_0 (FF)
  Requirement:          10.000ns
  Data Path Delay:      3.991ns (Levels of Logic = 3)
  Clock Path Skew:      -0.017ns (0.237 - 0.254)
  Source Clock:         clk_BUFGP rising at 0.000ns
  Destination Clock:    clk_BUFGP rising at 10.000ns
  Clock Uncertainty:    0.035ns

  Clock Uncertainty:          0.035ns  ((TSJ^2 + TIJ^2)^1/2 + DJ) / 2 + PE
    Total System Jitter (TSJ):  0.070ns
    Total Input Jitter (TIJ):   0.000ns
    Discrete Jitter (DJ):       0.000ns
    Phase Error (PE):           0.000ns

  Maximum Data Path at Slow Process Corner: clock_controller/cnt_mov_11 to clock_controller/cnt_mov_0
    Location             Delay type         Delay(ns)  Physical Resource
                                                       Logical Resource(s)
    -------------------------------------------------  -------------------
    SLICE_X20Y41.DQ      Tcko                  0.408   clock_controller/cnt_mov<11>
                                                       clock_controller/cnt_mov_11
    SLICE_X22Y42.B3      net (fanout=2)        0.953   clock_controller/cnt_mov<11>
    SLICE_X22Y42.COUT    Topcyb                0.312   clock_controller/Mcompar_n0018_cy<3>
                                                       clock_controller/Mcompar_n0018_lutdi1
                                                       clock_controller/Mcompar_n0018_cy<3>
    SLICE_X22Y43.CIN     net (fanout=1)        0.003   clock_controller/Mcompar_n0018_cy<3>
    SLICE_X22Y43.AMUX    Tcina                 0.212   clock_controller/Mcompar_n0018_cy<4>
                                                       clock_controller/Mcompar_n0018_cy<4>
    SLICE_X21Y46.B5      net (fanout=1)        0.650   clock_controller/Mcompar_n0018_cy<4>
    SLICE_X21Y46.B       Tilo                  0.259   clock_controller/clk_mov
                                                       clock_controller/Mcompar_n0018_cy<5>
    SLICE_X20Y39.SR      net (fanout=9)        0.750   clock_controller/Mcompar_n0018_cy<5>
    SLICE_X20Y39.CLK     Tsrck                 0.444   clock_controller/cnt_mov<3>
                                                       clock_controller/cnt_mov_0
    -------------------------------------------------  ---------------------------
    Total                                      3.991ns (1.635ns logic, 2.356ns route)
                                                       (41.0% logic, 59.0% route)

--------------------------------------------------------------------------------
Slack (setup path):     5.959ns (requirement - (data path - clock path skew + uncertainty))
  Source:               clock_controller/cnt_mov_2 (FF)
  Destination:          clock_controller/cnt_mov_0 (FF)
  Requirement:          10.000ns
  Data Path Delay:      4.006ns (Levels of Logic = 3)
  Clock Path Skew:      0.000ns
  Source Clock:         clk_BUFGP rising at 0.000ns
  Destination Clock:    clk_BUFGP rising at 10.000ns
  Clock Uncertainty:    0.035ns

  Clock Uncertainty:          0.035ns  ((TSJ^2 + TIJ^2)^1/2 + DJ) / 2 + PE
    Total System Jitter (TSJ):  0.070ns
    Total Input Jitter (TIJ):   0.000ns
    Discrete Jitter (DJ):       0.000ns
    Phase Error (PE):           0.000ns

  Maximum Data Path at Slow Process Corner: clock_controller/cnt_mov_2 to clock_controller/cnt_mov_0
    Location             Delay type         Delay(ns)  Physical Resource
                                                       Logical Resource(s)
    -------------------------------------------------  -------------------
    SLICE_X20Y39.CQ      Tcko                  0.408   clock_controller/cnt_mov<3>
                                                       clock_controller/cnt_mov_2
    SLICE_X22Y42.A1      net (fanout=2)        0.901   clock_controller/cnt_mov<2>
    SLICE_X22Y42.COUT    Topcya                0.379   clock_controller/Mcompar_n0018_cy<3>
                                                       clock_controller/Mcompar_n0018_lut<0>
                                                       clock_controller/Mcompar_n0018_cy<3>
    SLICE_X22Y43.CIN     net (fanout=1)        0.003   clock_controller/Mcompar_n0018_cy<3>
    SLICE_X22Y43.AMUX    Tcina                 0.212   clock_controller/Mcompar_n0018_cy<4>
                                                       clock_controller/Mcompar_n0018_cy<4>
    SLICE_X21Y46.B5      net (fanout=1)        0.650   clock_controller/Mcompar_n0018_cy<4>
    SLICE_X21Y46.B       Tilo                  0.259   clock_controller/clk_mov
                                                       clock_controller/Mcompar_n0018_cy<5>
    SLICE_X20Y39.SR      net (fanout=9)        0.750   clock_controller/Mcompar_n0018_cy<5>
    SLICE_X20Y39.CLK     Tsrck                 0.444   clock_controller/cnt_mov<3>
                                                       clock_controller/cnt_mov_0
    -------------------------------------------------  ---------------------------
    Total                                      4.006ns (1.702ns logic, 2.304ns route)
                                                       (42.5% logic, 57.5% route)

--------------------------------------------------------------------------------

Paths for end point clock_controller/cnt_mov_2 (SLICE_X20Y39.SR), 53 paths
--------------------------------------------------------------------------------
Slack (setup path):     5.912ns (requirement - (data path - clock path skew + uncertainty))
  Source:               clock_controller/cnt_mov_11 (FF)
  Destination:          clock_controller/cnt_mov_2 (FF)
  Requirement:          10.000ns
  Data Path Delay:      4.036ns (Levels of Logic = 3)
  Clock Path Skew:      -0.017ns (0.237 - 0.254)
  Source Clock:         clk_BUFGP rising at 0.000ns
  Destination Clock:    clk_BUFGP rising at 10.000ns
  Clock Uncertainty:    0.035ns

  Clock Uncertainty:          0.035ns  ((TSJ^2 + TIJ^2)^1/2 + DJ) / 2 + PE
    Total System Jitter (TSJ):  0.070ns
    Total Input Jitter (TIJ):   0.000ns
    Discrete Jitter (DJ):       0.000ns
    Phase Error (PE):           0.000ns

  Maximum Data Path at Slow Process Corner: clock_controller/cnt_mov_11 to clock_controller/cnt_mov_2
    Location             Delay type         Delay(ns)  Physical Resource
                                                       Logical Resource(s)
    -------------------------------------------------  -------------------
    SLICE_X20Y41.DQ      Tcko                  0.408   clock_controller/cnt_mov<11>
                                                       clock_controller/cnt_mov_11
    SLICE_X22Y42.B3      net (fanout=2)        0.953   clock_controller/cnt_mov<11>
    SLICE_X22Y42.COUT    Topcyb                0.380   clock_controller/Mcompar_n0018_cy<3>
                                                       clock_controller/Mcompar_n0018_lut<1>
                                                       clock_controller/Mcompar_n0018_cy<3>
    SLICE_X22Y43.CIN     net (fanout=1)        0.003   clock_controller/Mcompar_n0018_cy<3>
    SLICE_X22Y43.AMUX    Tcina                 0.212   clock_controller/Mcompar_n0018_cy<4>
                                                       clock_controller/Mcompar_n0018_cy<4>
    SLICE_X21Y46.B5      net (fanout=1)        0.650   clock_controller/Mcompar_n0018_cy<4>
    SLICE_X21Y46.B       Tilo                  0.259   clock_controller/clk_mov
                                                       clock_controller/Mcompar_n0018_cy<5>
    SLICE_X20Y39.SR      net (fanout=9)        0.750   clock_controller/Mcompar_n0018_cy<5>
    SLICE_X20Y39.CLK     Tsrck                 0.421   clock_controller/cnt_mov<3>
                                                       clock_controller/cnt_mov_2
    -------------------------------------------------  ---------------------------
    Total                                      4.036ns (1.680ns logic, 2.356ns route)
                                                       (41.6% logic, 58.4% route)

--------------------------------------------------------------------------------
Slack (setup path):     5.980ns (requirement - (data path - clock path skew + uncertainty))
  Source:               clock_controller/cnt_mov_11 (FF)
  Destination:          clock_controller/cnt_mov_2 (FF)
  Requirement:          10.000ns
  Data Path Delay:      3.968ns (Levels of Logic = 3)
  Clock Path Skew:      -0.017ns (0.237 - 0.254)
  Source Clock:         clk_BUFGP rising at 0.000ns
  Destination Clock:    clk_BUFGP rising at 10.000ns
  Clock Uncertainty:    0.035ns

  Clock Uncertainty:          0.035ns  ((TSJ^2 + TIJ^2)^1/2 + DJ) / 2 + PE
    Total System Jitter (TSJ):  0.070ns
    Total Input Jitter (TIJ):   0.000ns
    Discrete Jitter (DJ):       0.000ns
    Phase Error (PE):           0.000ns

  Maximum Data Path at Slow Process Corner: clock_controller/cnt_mov_11 to clock_controller/cnt_mov_2
    Location             Delay type         Delay(ns)  Physical Resource
                                                       Logical Resource(s)
    -------------------------------------------------  -------------------
    SLICE_X20Y41.DQ      Tcko                  0.408   clock_controller/cnt_mov<11>
                                                       clock_controller/cnt_mov_11
    SLICE_X22Y42.B3      net (fanout=2)        0.953   clock_controller/cnt_mov<11>
    SLICE_X22Y42.COUT    Topcyb                0.312   clock_controller/Mcompar_n0018_cy<3>
                                                       clock_controller/Mcompar_n0018_lutdi1
                                                       clock_controller/Mcompar_n0018_cy<3>
    SLICE_X22Y43.CIN     net (fanout=1)        0.003   clock_controller/Mcompar_n0018_cy<3>
    SLICE_X22Y43.AMUX    Tcina                 0.212   clock_controller/Mcompar_n0018_cy<4>
                                                       clock_controller/Mcompar_n0018_cy<4>
    SLICE_X21Y46.B5      net (fanout=1)        0.650   clock_controller/Mcompar_n0018_cy<4>
    SLICE_X21Y46.B       Tilo                  0.259   clock_controller/clk_mov
                                                       clock_controller/Mcompar_n0018_cy<5>
    SLICE_X20Y39.SR      net (fanout=9)        0.750   clock_controller/Mcompar_n0018_cy<5>
    SLICE_X20Y39.CLK     Tsrck                 0.421   clock_controller/cnt_mov<3>
                                                       clock_controller/cnt_mov_2
    -------------------------------------------------  ---------------------------
    Total                                      3.968ns (1.612ns logic, 2.356ns route)
                                                       (40.6% logic, 59.4% route)

--------------------------------------------------------------------------------
Slack (setup path):     5.982ns (requirement - (data path - clock path skew + uncertainty))
  Source:               clock_controller/cnt_mov_2 (FF)
  Destination:          clock_controller/cnt_mov_2 (FF)
  Requirement:          10.000ns
  Data Path Delay:      3.983ns (Levels of Logic = 3)
  Clock Path Skew:      0.000ns
  Source Clock:         clk_BUFGP rising at 0.000ns
  Destination Clock:    clk_BUFGP rising at 10.000ns
  Clock Uncertainty:    0.035ns

  Clock Uncertainty:          0.035ns  ((TSJ^2 + TIJ^2)^1/2 + DJ) / 2 + PE
    Total System Jitter (TSJ):  0.070ns
    Total Input Jitter (TIJ):   0.000ns
    Discrete Jitter (DJ):       0.000ns
    Phase Error (PE):           0.000ns

  Maximum Data Path at Slow Process Corner: clock_controller/cnt_mov_2 to clock_controller/cnt_mov_2
    Location             Delay type         Delay(ns)  Physical Resource
                                                       Logical Resource(s)
    -------------------------------------------------  -------------------
    SLICE_X20Y39.CQ      Tcko                  0.408   clock_controller/cnt_mov<3>
                                                       clock_controller/cnt_mov_2
    SLICE_X22Y42.A1      net (fanout=2)        0.901   clock_controller/cnt_mov<2>
    SLICE_X22Y42.COUT    Topcya                0.379   clock_controller/Mcompar_n0018_cy<3>
                                                       clock_controller/Mcompar_n0018_lut<0>
                                                       clock_controller/Mcompar_n0018_cy<3>
    SLICE_X22Y43.CIN     net (fanout=1)        0.003   clock_controller/Mcompar_n0018_cy<3>
    SLICE_X22Y43.AMUX    Tcina                 0.212   clock_controller/Mcompar_n0018_cy<4>
                                                       clock_controller/Mcompar_n0018_cy<4>
    SLICE_X21Y46.B5      net (fanout=1)        0.650   clock_controller/Mcompar_n0018_cy<4>
    SLICE_X21Y46.B       Tilo                  0.259   clock_controller/clk_mov
                                                       clock_controller/Mcompar_n0018_cy<5>
    SLICE_X20Y39.SR      net (fanout=9)        0.750   clock_controller/Mcompar_n0018_cy<5>
    SLICE_X20Y39.CLK     Tsrck                 0.421   clock_controller/cnt_mov<3>
                                                       clock_controller/cnt_mov_2
    -------------------------------------------------  ---------------------------
    Total                                      3.983ns (1.679ns logic, 2.304ns route)
                                                       (42.2% logic, 57.8% route)

--------------------------------------------------------------------------------

Hold Paths: TS_sys_clk_pin = PERIOD TIMEGRP "sys_clk_pin" 100 MHz HIGH 50%;
--------------------------------------------------------------------------------

Paths for end point clock_controller/clk_mov (SLICE_X21Y46.A6), 1 path
--------------------------------------------------------------------------------
Slack (hold path):      0.438ns (requirement - (clock path skew + uncertainty - data path))
  Source:               clock_controller/clk_mov (FF)
  Destination:          clock_controller/clk_mov (FF)
  Requirement:          0.000ns
  Data Path Delay:      0.438ns (Levels of Logic = 1)
  Clock Path Skew:      0.000ns
  Source Clock:         clk_BUFGP rising at 10.000ns
  Destination Clock:    clk_BUFGP rising at 10.000ns
  Clock Uncertainty:    0.000ns

  Minimum Data Path at Fast Process Corner: clock_controller/clk_mov to clock_controller/clk_mov
    Location             Delay type         Delay(ns)  Physical Resource
                                                       Logical Resource(s)
    -------------------------------------------------  -------------------
    SLICE_X21Y46.AQ      Tcko                  0.198   clock_controller/clk_mov
                                                       clock_controller/clk_mov
    SLICE_X21Y46.A6      net (fanout=2)        0.025   clock_controller/clk_mov
    SLICE_X21Y46.CLK     Tah         (-Th)    -0.215   clock_controller/clk_mov
                                                       clock_controller/clk_mov_INV_3_o1_INV_0
                                                       clock_controller/clk_mov
    -------------------------------------------------  ---------------------------
    Total                                      0.438ns (0.413ns logic, 0.025ns route)
                                                       (94.3% logic, 5.7% route)

--------------------------------------------------------------------------------

Paths for end point clock_controller/clk_25mhz (SLICE_X33Y53.A6), 1 path
--------------------------------------------------------------------------------
Slack (hold path):      0.438ns (requirement - (clock path skew + uncertainty - data path))
  Source:               clock_controller/clk_25mhz (FF)
  Destination:          clock_controller/clk_25mhz (FF)
  Requirement:          0.000ns
  Data Path Delay:      0.438ns (Levels of Logic = 1)
  Clock Path Skew:      0.000ns
  Source Clock:         clk_BUFGP rising at 10.000ns
  Destination Clock:    clk_BUFGP rising at 10.000ns
  Clock Uncertainty:    0.000ns

  Minimum Data Path at Fast Process Corner: clock_controller/clk_25mhz to clock_controller/clk_25mhz
    Location             Delay type         Delay(ns)  Physical Resource
                                                       Logical Resource(s)
    -------------------------------------------------  -------------------
    SLICE_X33Y53.AQ      Tcko                  0.198   clock_controller/clk_25mhz
                                                       clock_controller/clk_25mhz
    SLICE_X33Y53.A6      net (fanout=2)        0.025   clock_controller/clk_25mhz
    SLICE_X33Y53.CLK     Tah         (-Th)    -0.215   clock_controller/clk_25mhz
                                                       clock_controller/clk_25mhz_INV_1_o1_INV_0
                                                       clock_controller/clk_25mhz
    -------------------------------------------------  ---------------------------
    Total                                      0.438ns (0.413ns logic, 0.025ns route)
                                                       (94.3% logic, 5.7% route)

--------------------------------------------------------------------------------

Paths for end point clock_controller/cnt_mov_31 (SLICE_X20Y46.D6), 1 path
--------------------------------------------------------------------------------
Slack (hold path):      0.460ns (requirement - (clock path skew + uncertainty - data path))
  Source:               clock_controller/cnt_mov_31 (FF)
  Destination:          clock_controller/cnt_mov_31 (FF)
  Requirement:          0.000ns
  Data Path Delay:      0.460ns (Levels of Logic = 1)
  Clock Path Skew:      0.000ns
  Source Clock:         clk_BUFGP rising at 10.000ns
  Destination Clock:    clk_BUFGP rising at 10.000ns
  Clock Uncertainty:    0.000ns

  Minimum Data Path at Fast Process Corner: clock_controller/cnt_mov_31 to clock_controller/cnt_mov_31
    Location             Delay type         Delay(ns)  Physical Resource
                                                       Logical Resource(s)
    -------------------------------------------------  -------------------
    SLICE_X20Y46.DQ      Tcko                  0.200   clock_controller/cnt_mov<31>
                                                       clock_controller/cnt_mov_31
    SLICE_X20Y46.D6      net (fanout=2)        0.023   clock_controller/cnt_mov<31>
    SLICE_X20Y46.CLK     Tah         (-Th)    -0.237   clock_controller/cnt_mov<31>
                                                       clock_controller/cnt_mov<31>_rt
                                                       clock_controller/Mcount_cnt_mov_xor<31>
                                                       clock_controller/cnt_mov_31
    -------------------------------------------------  ---------------------------
    Total                                      0.460ns (0.437ns logic, 0.023ns route)
                                                       (95.0% logic, 5.0% route)

--------------------------------------------------------------------------------

Component Switching Limit Checks: TS_sys_clk_pin = PERIOD TIMEGRP "sys_clk_pin" 100 MHz HIGH 50%;
--------------------------------------------------------------------------------
Slack: 8.270ns (period - min period limit)
  Period: 10.000ns
  Min period limit: 1.730ns (578.035MHz) (Tbcper_I)
  Physical resource: clk_BUFGP/BUFG/I0
  Logical resource: clk_BUFGP/BUFG/I0
  Location pin: BUFGMUX_X3Y13.I0
  Clock network: clk_BUFGP/IBUFG
--------------------------------------------------------------------------------
Slack: 9.570ns (period - min period limit)
  Period: 10.000ns
  Min period limit: 0.430ns (2325.581MHz) (Tcp)
  Physical resource: clock_controller/cnt_25mhz<3>/CLK
  Logical resource: clock_controller/cnt_25mhz_0/CK
  Location pin: SLICE_X32Y48.CLK
  Clock network: clk_BUFGP
--------------------------------------------------------------------------------
Slack: 9.570ns (period - min period limit)
  Period: 10.000ns
  Min period limit: 0.430ns (2325.581MHz) (Tcp)
  Physical resource: clock_controller/cnt_25mhz<3>/CLK
  Logical resource: clock_controller/cnt_25mhz_1/CK
  Location pin: SLICE_X32Y48.CLK
  Clock network: clk_BUFGP
--------------------------------------------------------------------------------


All constraints were met.


Data Sheet report:
-----------------
All values displayed in nanoseconds (ns)

Clock to Setup on destination clock clk
---------------+---------+---------+---------+---------+
               | Src:Rise| Src:Fall| Src:Rise| Src:Fall|
Source Clock   |Dest:Rise|Dest:Rise|Dest:Fall|Dest:Fall|
---------------+---------+---------+---------+---------+
clk            |    4.122|         |         |         |
---------------+---------+---------+---------+---------+


Timing summary:
---------------

Timing errors: 0  Score: 0  (Setup/Max: 0, Hold: 0)

Constraints cover 4820 paths, 0 nets, and 183 connections

Design statistics:
   Minimum period:   4.122ns{1}   (Maximum frequency: 242.601MHz)


------------------------------------Footnotes-----------------------------------
1)  The minimum period statistic assumes all single cycle delays.

Analysis completed Tue Dec 03 16:43:22 2019 
--------------------------------------------------------------------------------

Trace Settings:
-------------------------
Trace Settings 

Peak Memory Usage: 228 MB



