#! /usr/local/Cellar/icarus-verilog/10.3/bin/vvp
:ivl_version "10.3 (stable)" "(v10_3)";
:ivl_delay_selection "TYPICAL";
:vpi_time_precision - 12;
:vpi_module "system";
:vpi_module "vhdl_sys";
:vpi_module "v2005_math";
:vpi_module "va_math";
S_0x7fe3fb503f70 .scope module, "score_tb" "score_tb" 2 3;
 .timescale -9 -12;
v0x7fe3fb515020_0 .net "an", 3 0, v0x7fe3fb5147d0_0;  1 drivers
v0x7fe3fb5150d0_0 .var/i "score", 31 0;
v0x7fe3fb515180_0 .net "seg", 7 0, v0x7fe3fb514b90_0;  1 drivers
S_0x7fe3fb5040d0 .scope module, "uut" "score" 2 11, 3 1 0, S_0x7fe3fb503f70;
 .timescale 0 0;
    .port_info 0 /INPUT 32 "o_score"
    .port_info 1 /OUTPUT 8 "seg"
    .port_info 2 /OUTPUT 4 "an"
L_0x7fe3fb515250 .functor BUFZ 4, v0x7fe3fb514ed0_0, C4<0000>, C4<0000>, C4<0000>;
L_0x7fe3fb515320 .functor BUFZ 4, v0x7fe3fb514f60_0, C4<0000>, C4<0000>, C4<0000>;
v0x7fe3fb5147d0_0 .var "an", 3 0;
v0x7fe3fb514880_0 .var "count", 1 0;
v0x7fe3fb514930_0 .net "hundreds_digit", 3 0, L_0x7fe3fb515250;  1 drivers
v0x7fe3fb5149f0_0 .net "hundreds_segment", 7 0, L_0x7fe3fb5153d0;  1 drivers
v0x7fe3fb514ab0_0 .net/s "o_score", 31 0, v0x7fe3fb5150d0_0;  1 drivers
v0x7fe3fb514b90_0 .var "seg", 7 0;
v0x7fe3fb514c40_0 .var/i "temp_score", 31 0;
v0x7fe3fb514cf0_0 .net "thousands_digit", 3 0, L_0x7fe3fb515320;  1 drivers
v0x7fe3fb514da0_0 .net "thousands_segment", 7 0, L_0x7fe3fb515480;  1 drivers
v0x7fe3fb514ed0_0 .var "tmp_hundreds_digit", 3 0;
v0x7fe3fb514f60_0 .var "tmp_thousands_digit", 3 0;
E_0x7fe3fb503490 .event edge, v0x7fe3fb514880_0, v0x7fe3fb514630_0, v0x7fe3fb5141a0_0;
E_0x7fe3fb5039d0 .event edge, v0x7fe3fb514ab0_0, v0x7fe3fb514c40_0;
S_0x7fe3fb504230 .scope module, "hundreds_display" "segment_display" 3 50, 4 1 0, S_0x7fe3fb5040d0;
 .timescale -9 -12;
    .port_info 0 /INPUT 4 "digit"
    .port_info 1 /OUTPUT 8 "seg"
L_0x7fe3fb5153d0 .functor BUFZ 8, v0x7fe3fb514250_0, C4<00000000>, C4<00000000>, C4<00000000>;
v0x7fe3fb5043e0_0 .net "digit", 3 0, v0x7fe3fb514ed0_0;  1 drivers
v0x7fe3fb5141a0_0 .net "seg", 7 0, L_0x7fe3fb5153d0;  alias, 1 drivers
v0x7fe3fb514250_0 .var "segment_reg", 7 0;
E_0x7fe3fb503830 .event edge, v0x7fe3fb5043e0_0;
S_0x7fe3fb514340 .scope module, "thousands_display" "segment_display" 3 55, 4 1 0, S_0x7fe3fb5040d0;
 .timescale -9 -12;
    .port_info 0 /INPUT 4 "digit"
    .port_info 1 /OUTPUT 8 "seg"
L_0x7fe3fb515480 .functor BUFZ 8, v0x7fe3fb5146e0_0, C4<00000000>, C4<00000000>, C4<00000000>;
v0x7fe3fb514570_0 .net "digit", 3 0, v0x7fe3fb514f60_0;  1 drivers
v0x7fe3fb514630_0 .net "seg", 7 0, L_0x7fe3fb515480;  alias, 1 drivers
v0x7fe3fb5146e0_0 .var "segment_reg", 7 0;
E_0x7fe3fb514520 .event edge, v0x7fe3fb514570_0;
    .scope S_0x7fe3fb504230;
T_0 ;
    %wait E_0x7fe3fb503830;
    %load/vec4 v0x7fe3fb5043e0_0;
    %dup/vec4;
    %pushi/vec4 0, 0, 4;
    %cmp/u;
    %jmp/1 T_0.0, 6;
    %dup/vec4;
    %pushi/vec4 1, 0, 4;
    %cmp/u;
    %jmp/1 T_0.1, 6;
    %dup/vec4;
    %pushi/vec4 2, 0, 4;
    %cmp/u;
    %jmp/1 T_0.2, 6;
    %dup/vec4;
    %pushi/vec4 3, 0, 4;
    %cmp/u;
    %jmp/1 T_0.3, 6;
    %dup/vec4;
    %pushi/vec4 4, 0, 4;
    %cmp/u;
    %jmp/1 T_0.4, 6;
    %dup/vec4;
    %pushi/vec4 5, 0, 4;
    %cmp/u;
    %jmp/1 T_0.5, 6;
    %dup/vec4;
    %pushi/vec4 6, 0, 4;
    %cmp/u;
    %jmp/1 T_0.6, 6;
    %dup/vec4;
    %pushi/vec4 7, 0, 4;
    %cmp/u;
    %jmp/1 T_0.7, 6;
    %dup/vec4;
    %pushi/vec4 8, 0, 4;
    %cmp/u;
    %jmp/1 T_0.8, 6;
    %dup/vec4;
    %pushi/vec4 9, 0, 4;
    %cmp/u;
    %jmp/1 T_0.9, 6;
    %pushi/vec4 255, 0, 8;
    %store/vec4 v0x7fe3fb514250_0, 0, 8;
    %jmp T_0.11;
T_0.0 ;
    %pushi/vec4 192, 0, 8;
    %store/vec4 v0x7fe3fb514250_0, 0, 8;
    %jmp T_0.11;
T_0.1 ;
    %pushi/vec4 249, 0, 8;
    %store/vec4 v0x7fe3fb514250_0, 0, 8;
    %jmp T_0.11;
T_0.2 ;
    %pushi/vec4 164, 0, 8;
    %store/vec4 v0x7fe3fb514250_0, 0, 8;
    %jmp T_0.11;
T_0.3 ;
    %pushi/vec4 176, 0, 8;
    %store/vec4 v0x7fe3fb514250_0, 0, 8;
    %jmp T_0.11;
T_0.4 ;
    %pushi/vec4 153, 0, 8;
    %store/vec4 v0x7fe3fb514250_0, 0, 8;
    %jmp T_0.11;
T_0.5 ;
    %pushi/vec4 146, 0, 8;
    %store/vec4 v0x7fe3fb514250_0, 0, 8;
    %jmp T_0.11;
T_0.6 ;
    %pushi/vec4 130, 0, 8;
    %store/vec4 v0x7fe3fb514250_0, 0, 8;
    %jmp T_0.11;
T_0.7 ;
    %pushi/vec4 248, 0, 8;
    %store/vec4 v0x7fe3fb514250_0, 0, 8;
    %jmp T_0.11;
T_0.8 ;
    %pushi/vec4 128, 0, 8;
    %store/vec4 v0x7fe3fb514250_0, 0, 8;
    %jmp T_0.11;
T_0.9 ;
    %pushi/vec4 144, 0, 8;
    %store/vec4 v0x7fe3fb514250_0, 0, 8;
    %jmp T_0.11;
T_0.11 ;
    %pop/vec4 1;
    %jmp T_0;
    .thread T_0, $push;
    .scope S_0x7fe3fb514340;
T_1 ;
    %wait E_0x7fe3fb514520;
    %load/vec4 v0x7fe3fb514570_0;
    %dup/vec4;
    %pushi/vec4 0, 0, 4;
    %cmp/u;
    %jmp/1 T_1.0, 6;
    %dup/vec4;
    %pushi/vec4 1, 0, 4;
    %cmp/u;
    %jmp/1 T_1.1, 6;
    %dup/vec4;
    %pushi/vec4 2, 0, 4;
    %cmp/u;
    %jmp/1 T_1.2, 6;
    %dup/vec4;
    %pushi/vec4 3, 0, 4;
    %cmp/u;
    %jmp/1 T_1.3, 6;
    %dup/vec4;
    %pushi/vec4 4, 0, 4;
    %cmp/u;
    %jmp/1 T_1.4, 6;
    %dup/vec4;
    %pushi/vec4 5, 0, 4;
    %cmp/u;
    %jmp/1 T_1.5, 6;
    %dup/vec4;
    %pushi/vec4 6, 0, 4;
    %cmp/u;
    %jmp/1 T_1.6, 6;
    %dup/vec4;
    %pushi/vec4 7, 0, 4;
    %cmp/u;
    %jmp/1 T_1.7, 6;
    %dup/vec4;
    %pushi/vec4 8, 0, 4;
    %cmp/u;
    %jmp/1 T_1.8, 6;
    %dup/vec4;
    %pushi/vec4 9, 0, 4;
    %cmp/u;
    %jmp/1 T_1.9, 6;
    %pushi/vec4 255, 0, 8;
    %store/vec4 v0x7fe3fb5146e0_0, 0, 8;
    %jmp T_1.11;
T_1.0 ;
    %pushi/vec4 192, 0, 8;
    %store/vec4 v0x7fe3fb5146e0_0, 0, 8;
    %jmp T_1.11;
T_1.1 ;
    %pushi/vec4 249, 0, 8;
    %store/vec4 v0x7fe3fb5146e0_0, 0, 8;
    %jmp T_1.11;
T_1.2 ;
    %pushi/vec4 164, 0, 8;
    %store/vec4 v0x7fe3fb5146e0_0, 0, 8;
    %jmp T_1.11;
T_1.3 ;
    %pushi/vec4 176, 0, 8;
    %store/vec4 v0x7fe3fb5146e0_0, 0, 8;
    %jmp T_1.11;
T_1.4 ;
    %pushi/vec4 153, 0, 8;
    %store/vec4 v0x7fe3fb5146e0_0, 0, 8;
    %jmp T_1.11;
T_1.5 ;
    %pushi/vec4 146, 0, 8;
    %store/vec4 v0x7fe3fb5146e0_0, 0, 8;
    %jmp T_1.11;
T_1.6 ;
    %pushi/vec4 130, 0, 8;
    %store/vec4 v0x7fe3fb5146e0_0, 0, 8;
    %jmp T_1.11;
T_1.7 ;
    %pushi/vec4 248, 0, 8;
    %store/vec4 v0x7fe3fb5146e0_0, 0, 8;
    %jmp T_1.11;
T_1.8 ;
    %pushi/vec4 128, 0, 8;
    %store/vec4 v0x7fe3fb5146e0_0, 0, 8;
    %jmp T_1.11;
T_1.9 ;
    %pushi/vec4 144, 0, 8;
    %store/vec4 v0x7fe3fb5146e0_0, 0, 8;
    %jmp T_1.11;
T_1.11 ;
    %pop/vec4 1;
    %jmp T_1;
    .thread T_1, $push;
    .scope S_0x7fe3fb5040d0;
T_2 ;
    %pushi/vec4 0, 0, 2;
    %store/vec4 v0x7fe3fb514880_0, 0, 2;
    %end;
    .thread T_2;
    .scope S_0x7fe3fb5040d0;
T_3 ;
    %wait E_0x7fe3fb5039d0;
    %load/vec4 v0x7fe3fb514ab0_0;
    %store/vec4 v0x7fe3fb514c40_0, 0, 32;
    %load/vec4 v0x7fe3fb514c40_0;
    %pushi/vec4 10, 0, 32;
    %mod/s;
    %pad/s 4;
    %assign/vec4 v0x7fe3fb514ed0_0, 0;
    %load/vec4 v0x7fe3fb514c40_0;
    %pushi/vec4 10, 0, 32;
    %div/s;
    %store/vec4 v0x7fe3fb514c40_0, 0, 32;
    %load/vec4 v0x7fe3fb514c40_0;
    %pushi/vec4 10, 0, 32;
    %mod/s;
    %pad/s 4;
    %assign/vec4 v0x7fe3fb514f60_0, 0;
    %load/vec4 v0x7fe3fb514c40_0;
    %pushi/vec4 10, 0, 32;
    %div/s;
    %store/vec4 v0x7fe3fb514c40_0, 0, 32;
    %jmp T_3;
    .thread T_3, $push;
    .scope S_0x7fe3fb5040d0;
T_4 ;
    %wait E_0x7fe3fb503490;
    %load/vec4 v0x7fe3fb514880_0;
    %pad/u 32;
    %cmpi/e 0, 0, 32;
    %jmp/0xz  T_4.0, 4;
    %pushi/vec4 7, 0, 4;
    %assign/vec4 v0x7fe3fb5147d0_0, 0;
    %load/vec4 v0x7fe3fb514da0_0;
    %assign/vec4 v0x7fe3fb514b90_0, 0;
    %jmp T_4.1;
T_4.0 ;
    %load/vec4 v0x7fe3fb514880_0;
    %pad/u 32;
    %cmpi/e 1, 0, 32;
    %jmp/0xz  T_4.2, 4;
    %pushi/vec4 11, 0, 4;
    %assign/vec4 v0x7fe3fb5147d0_0, 0;
    %load/vec4 v0x7fe3fb5149f0_0;
    %assign/vec4 v0x7fe3fb514b90_0, 0;
T_4.2 ;
T_4.1 ;
    %load/vec4 v0x7fe3fb514880_0;
    %addi 1, 0, 2;
    %assign/vec4 v0x7fe3fb514880_0, 0;
    %jmp T_4;
    .thread T_4, $push;
    .scope S_0x7fe3fb503f70;
T_5 ;
    %vpi_call 2 18 "$display", "Running..." {0 0 0};
    %pushi/vec4 11, 0, 32;
    %store/vec4 v0x7fe3fb5150d0_0, 0, 32;
    %vpi_call 2 20 "$display", "score = %d, seg = %b", v0x7fe3fb5150d0_0, v0x7fe3fb515180_0 {0 0 0};
    %pushi/vec4 19, 0, 32;
    %store/vec4 v0x7fe3fb5150d0_0, 0, 32;
    %vpi_call 2 22 "$display", "score = %d, seg = %b", v0x7fe3fb5150d0_0, v0x7fe3fb515180_0 {0 0 0};
    %delay 10000, 0;
    %vpi_call 2 23 "$finish" {0 0 0};
    %end;
    .thread T_5;
# The file index is used to find the file name in the following table.
:file_names 5;
    "N/A";
    "<interactive>";
    "score-tb.v";
    "score.v";
    "segment_display.v";
